14:16:33.898  INFO  manager.ApplicationManager - All tests run in chrome browser
14:16:35.111  INFO  manager.ApplicationManager - Current Url---->https://www.gcvbank.com/
14:16:41.246  INFO  manager.MyListener - WebDriver start find element---->By.xpath: //input[@id='email']
14:16:41.283  INFO  manager.MyListener - WebDriver found element by locator---->By.xpath: //input[@id='email']
14:16:41.960  INFO  manager.MyListener - WebDriver start find element---->By.cssSelector: #password
14:16:41.983  INFO  manager.MyListener - WebDriver found element by locator---->By.cssSelector: #password
14:16:42.623  INFO  manager.MyListener - WebDriver start find element---->By.xpath: //span[normalize-space()='log in']
14:16:42.650  INFO  manager.MyListener - WebDriver found element by locator---->By.xpath: //span[normalize-space()='log in']
14:16:42.729  INFO  manager.MyListener - WebDriver start find element---->By.xpath: //span[normalize-space()='Create CV']
14:16:43.803  INFO  manager.MyListener - WebDriver found element by locator---->By.xpath: //span[normalize-space()='Create CV']
14:16:43.932  INFO  manager.MyListener - WebDriver start find element---->By.xpath: //section[@id='header']//div[@class='cover']
14:16:44.033  INFO  manager.MyListener - WebDriver found element by locator---->By.xpath: //section[@id='header']//div[@class='cover']
14:16:44.299  INFO  manager.MyListener - WebDriver start find element---->By.xpath: //input[@id='name']
14:16:44.334  INFO  manager.MyListener - WebDriver found element by locator---->By.xpath: //input[@id='name']
14:16:44.992  INFO  manager.MyListener - WebDriver start find element---->By.xpath: //input[@id='country']
14:16:45.012  INFO  manager.MyListener - WebDriver found element by locator---->By.xpath: //input[@id='country']
14:16:45.637  INFO  manager.MyListener - WebDriver start find element---->By.xpath: //input[@id='email']
14:16:45.654  INFO  manager.MyListener - WebDriver found element by locator---->By.xpath: //input[@id='email']
14:16:46.315  INFO  manager.MyListener - WebDriver start find element---->By.xpath: //input[@id='position']
14:16:46.338  INFO  manager.MyListener - WebDriver found element by locator---->By.xpath: //input[@id='position']
14:16:46.954  INFO  manager.MyListener - WebDriver start find element---->By.xpath: //input[@id='city']
14:16:46.972  INFO  manager.MyListener - WebDriver found element by locator---->By.xpath: //input[@id='city']
14:16:47.585  INFO  manager.MyListener - WebDriver start find element---->By.xpath: //input[@id='birthday']
14:16:47.603  INFO  manager.MyListener - WebDriver found element by locator---->By.xpath: //input[@id='birthday']
14:16:48.274  INFO  manager.MyListener - WebDriver start find element---->By.xpath: //input[@id='phone']
14:16:48.294  INFO  manager.MyListener - WebDriver found element by locator---->By.xpath: //input[@id='phone']
14:16:48.906  INFO  manager.MyListener - WebDriver start find element---->By.xpath: //span[normalize-space()='Save']
14:16:48.923  INFO  manager.MyListener - WebDriver found element by locator---->By.xpath: //span[normalize-space()='Save']
14:16:48.969  INFO  manager.MyListener - WebDriver start find element---->By.xpath: //span[@class='mat-ripple summary selected']//div[@class='cover']
14:16:48.989  INFO  manager.MyListener - WebDriver found element by locator---->By.xpath: //span[@class='mat-ripple summary selected']//div[@class='cover']
14:16:49.035  INFO  manager.MyListener - WebDriver start find element---->By.xpath: //textarea[@id='summary']
14:16:49.065  INFO  manager.MyListener - WebDriver found element by locator---->By.xpath: //textarea[@id='summary']
14:16:49.706  INFO  manager.MyListener - WebDriver start find element---->By.xpath: //span[normalize-space()='Save']
14:16:49.721  INFO  manager.MyListener - WebDriver found element by locator---->By.xpath: //span[normalize-space()='Save']
14:16:49.775  INFO  manager.MyListener - WebDriver start find element---->By.xpath: //span[@class='mat-ripple relocation selected']//div[@class='cover']
14:16:49.793  INFO  manager.MyListener - WebDriver found element by locator---->By.xpath: //span[@class='mat-ripple relocation selected']//div[@class='cover']
14:16:49.844  INFO  manager.MyListener - WebDriver start find element---->By.xpath: //input[@id='relocation']
14:16:49.861  INFO  manager.MyListener - WebDriver found element by locator---->By.xpath: //input[@id='relocation']
14:16:50.507  INFO  manager.MyListener - WebDriver start find element---->By.xpath: //span[normalize-space()='Save']
14:16:50.521  INFO  manager.MyListener - WebDriver found element by locator---->By.xpath: //span[normalize-space()='Save']
14:16:50.559  INFO  manager.MyListener - WebDriver start find element---->By.xpath: //div[@class='mat-ripple selected']//div[@class='cover']
14:16:50.576  INFO  manager.MyListener - WebDriver found element by locator---->By.xpath: //div[@class='mat-ripple selected']//div[@class='cover']
14:16:50.630  INFO  manager.MyListener - WebDriver start find element---->By.cssSelector: #shortDesc
14:16:50.646  INFO  manager.MyListener - WebDriver found element by locator---->By.cssSelector: #shortDesc
14:16:51.259  INFO  manager.MyListener - WebDriver start find element---->By.xpath: //span[normalize-space()='Save']
14:16:51.275  INFO  manager.MyListener - WebDriver found element by locator---->By.xpath: //span[normalize-space()='Save']
14:16:51.318  INFO  manager.MyListener - WebDriver start find element---->By.xpath: //section[@id='skills']//div[@class='cover']
14:16:51.336  INFO  manager.MyListener - WebDriver found element by locator---->By.xpath: //section[@id='skills']//div[@class='cover']
14:16:51.378  INFO  manager.MyListener - WebDriver start find element---->By.xpath: //button[@class='mat-focus-indicator add-row-btn mat-stroked-button mat-button-base']//span[@class='mat-button-wrapper']
14:16:51.402  INFO  manager.MyListener - WebDriver found element by locator---->By.xpath: //button[@class='mat-focus-indicator add-row-btn mat-stroked-button mat-button-base']//span[@class='mat-button-wrapper']
14:16:51.443  INFO  manager.MyListener - WebDriver start find element---->By.xpath: //input[@id='title_0']
14:16:51.465  INFO  manager.MyListener - WebDriver found element by locator---->By.xpath: //input[@id='title_0']
14:16:52.103  INFO  manager.MyListener - WebDriver start find element---->By.xpath: //input[@id='desc_0']
14:16:52.128  INFO  manager.MyListener - WebDriver found element by locator---->By.xpath: //input[@id='desc_0']
14:16:52.755  INFO  manager.MyListener - WebDriver start find element---->By.xpath: //span[normalize-space()='Save']
14:16:52.771  INFO  manager.MyListener - WebDriver found element by locator---->By.xpath: //span[normalize-space()='Save']
14:16:52.812  INFO  manager.MyListener - WebDriver start find element---->By.xpath: //section[@id='experience']//div[@class='cover']
14:16:52.830  INFO  manager.MyListener - WebDriver found element by locator---->By.xpath: //section[@id='experience']//div[@class='cover']
14:16:52.938  INFO  manager.MyListener - WebDriver start find element---->By.xpath: //input[@id='startDate']
14:16:52.959  INFO  manager.MyListener - WebDriver found element by locator---->By.xpath: //input[@id='startDate']
14:16:53.059  INFO  manager.MyListener - WebDriver start find element---->By.xpath: //input[@id='startDate']
14:16:53.078  INFO  manager.MyListener - WebDriver found element by locator---->By.xpath: //input[@id='startDate']
14:16:53.739  INFO  manager.MyListener - WebDriver start find element---->By.xpath: //input[@id='endDate']
14:16:53.757  INFO  manager.MyListener - WebDriver found element by locator---->By.xpath: //input[@id='endDate']
14:16:53.846  INFO  manager.MyListener - WebDriver start find element---->By.xpath: //input[@id='endDate']
14:16:53.860  INFO  manager.MyListener - WebDriver found element by locator---->By.xpath: //input[@id='endDate']
14:16:54.592  INFO  manager.MyListener - WebDriver start find element---->By.xpath: //input[@id='companyName']
14:16:54.611  INFO  manager.MyListener - WebDriver found element by locator---->By.xpath: //input[@id='companyName']
14:16:55.862  INFO  manager.MyListener - WebDriver start find element---->By.xpath: //input[@id='companyLocation']
14:16:55.905  INFO  manager.MyListener - WebDriver found element by locator---->By.xpath: //input[@id='companyLocation']
14:16:56.537  INFO  manager.MyListener - WebDriver start find element---->By.xpath: //input[@id='url']
14:16:56.552  INFO  manager.MyListener - WebDriver found element by locator---->By.xpath: //input[@id='url']
14:16:57.168  INFO  manager.MyListener - WebDriver start find element---->By.xpath: //input[@id='position']
14:16:57.180  INFO  manager.MyListener - WebDriver found element by locator---->By.xpath: //input[@id='position']
14:16:57.788  INFO  manager.MyListener - WebDriver start find element---->By.xpath: //textarea[@id='description']
14:16:57.804  INFO  manager.MyListener - WebDriver found element by locator---->By.xpath: //textarea[@id='description']
14:16:58.418  INFO  manager.MyListener - WebDriver start find element---->By.xpath: //span[normalize-space()='Save']
14:16:58.434  INFO  manager.MyListener - WebDriver found element by locator---->By.xpath: //span[normalize-space()='Save']
14:16:58.490  INFO  manager.MyListener - WebDriver start find element---->By.xpath: //section[@id='education']//div[@class='cover']
14:16:58.516  INFO  manager.MyListener - WebDriver found element by locator---->By.xpath: //section[@id='education']//div[@class='cover']
14:16:58.634  INFO  manager.MyListener - WebDriver start find element---->By.xpath: //input[@id='startDate']
14:16:58.648  INFO  manager.MyListener - WebDriver found element by locator---->By.xpath: //input[@id='startDate']
14:16:58.763  INFO  manager.MyListener - WebDriver start find element---->By.xpath: //input[@id='startDate']
14:16:58.785  INFO  manager.MyListener - WebDriver found element by locator---->By.xpath: //input[@id='startDate']
14:16:59.382  INFO  manager.MyListener - WebDriver start find element---->By.xpath: //input[@id='endDate']
14:16:59.395  INFO  manager.MyListener - WebDriver found element by locator---->By.xpath: //input[@id='endDate']
14:16:59.473  INFO  manager.MyListener - WebDriver start find element---->By.xpath: //input[@id='endDate']
14:16:59.486  INFO  manager.MyListener - WebDriver found element by locator---->By.xpath: //input[@id='endDate']
14:17:00.069  INFO  manager.MyListener - WebDriver start find element---->By.xpath: //input[@id='title']
14:17:00.086  INFO  manager.MyListener - WebDriver found element by locator---->By.xpath: //input[@id='title']
14:17:00.690  INFO  manager.MyListener - WebDriver start find element---->By.xpath: //input[@id='location']
14:17:00.704  INFO  manager.MyListener - WebDriver found element by locator---->By.xpath: //input[@id='location']
14:17:01.304  INFO  manager.MyListener - WebDriver start find element---->By.xpath: //input[@id='description']
14:17:01.319  INFO  manager.MyListener - WebDriver found element by locator---->By.xpath: //input[@id='description']
14:17:01.933  INFO  manager.MyListener - WebDriver start find element---->By.xpath: //span[normalize-space()='Save']
14:17:01.946  INFO  manager.MyListener - WebDriver found element by locator---->By.xpath: //span[normalize-space()='Save']
14:17:01.985  INFO  manager.MyListener - WebDriver start find element---->By.xpath: //section[@id='other']//div[@class='cover']
14:17:02.004  INFO  manager.MyListener - WebDriver found element by locator---->By.xpath: //section[@id='other']//div[@class='cover']
14:17:02.159  INFO  manager.MyListener - WebDriver start find element---->By.xpath: //input[@id='title1']
14:17:02.182  INFO  manager.MyListener - WebDriver found element by locator---->By.xpath: //input[@id='title1']
14:17:02.798  INFO  manager.MyListener - WebDriver start find element---->By.xpath: //input[@id='desc1']
14:17:02.814  INFO  manager.MyListener - WebDriver found element by locator---->By.xpath: //input[@id='desc1']
14:17:03.423  INFO  manager.MyListener - WebDriver start find element---->By.xpath: //span[normalize-space()='Save']
14:17:03.435  INFO  manager.MyListener - WebDriver found element by locator---->By.xpath: //span[normalize-space()='Save']
14:17:03.469  INFO  manager.MyListener - WebDriver start find element---->By.xpath: //section[@id='link']//div[@class='cover']
14:17:03.485  INFO  manager.MyListener - WebDriver found element by locator---->By.xpath: //section[@id='link']//div[@class='cover']
14:17:03.601  INFO  manager.MyListener - WebDriver start find element---->By.xpath: //input[@id='link1']
14:17:03.617  INFO  manager.MyListener - WebDriver found element by locator---->By.xpath: //input[@id='link1']
14:17:04.265  INFO  manager.MyListener - WebDriver start find element---->By.xpath: //span[normalize-space()='Save']
14:17:04.280  INFO  manager.MyListener - WebDriver found element by locator---->By.xpath: //span[normalize-space()='Save']
14:17:04.320  INFO  manager.MyListener - WebDriver start find element---->By.xpath: //mat-icon[normalize-space()='save']
14:17:04.337  INFO  manager.MyListener - WebDriver found element by locator---->By.xpath: //mat-icon[normalize-space()='save']
14:17:09.380  INFO  manager.MyListener - WebDriver start find element---->By.xpath: //button[@class='mat-focus-indicator dashboard-btn mat-button mat-button-base ng-star-inserted']//span[@class='mat-button-wrapper']
14:17:09.397  INFO  manager.MyListener - WebDriver found element by locator---->By.xpath: //button[@class='mat-focus-indicator dashboard-btn mat-button mat-button-base ng-star-inserted']//span[@class='mat-button-wrapper']
14:17:09.508  INFO  manager.MyListener - WebDriver start find element---->By.xpath: //span[normalize-space()='Create CV']
14:17:09.528  INFO  manager.MyListener - WebDriver found element by locator---->By.xpath: //span[normalize-space()='Create CV']
14:17:09.606  INFO  manager.MyListener - WebDriver start find element---->By.xpath: //section[@id='header']//div[@class='cover']
14:17:09.623  INFO  manager.MyListener - WebDriver found element by locator---->By.xpath: //section[@id='header']//div[@class='cover']
14:17:09.685  INFO  manager.MyListener - WebDriver start find element---->By.xpath: //input[@id='name']
14:17:09.702  INFO  manager.MyListener - WebDriver found element by locator---->By.xpath: //input[@id='name']
14:17:10.326  INFO  manager.MyListener - WebDriver start find element---->By.xpath: //input[@id='country']
14:17:10.341  INFO  manager.MyListener - WebDriver found element by locator---->By.xpath: //input[@id='country']
14:17:10.945  INFO  manager.MyListener - WebDriver start find element---->By.xpath: //input[@id='email']
14:17:10.958  INFO  manager.MyListener - WebDriver found element by locator---->By.xpath: //input[@id='email']
14:17:11.580  INFO  manager.MyListener - WebDriver start find element---->By.xpath: //input[@id='position']
14:17:11.590  INFO  manager.MyListener - WebDriver found element by locator---->By.xpath: //input[@id='position']
14:17:12.200  INFO  manager.MyListener - WebDriver start find element---->By.xpath: //input[@id='city']
14:17:12.213  INFO  manager.MyListener - WebDriver found element by locator---->By.xpath: //input[@id='city']
14:17:12.825  INFO  manager.MyListener - WebDriver start find element---->By.xpath: //input[@id='birthday']
14:17:12.842  INFO  manager.MyListener - WebDriver found element by locator---->By.xpath: //input[@id='birthday']
14:17:13.473  INFO  manager.MyListener - WebDriver start find element---->By.xpath: //input[@id='phone']
14:17:13.487  INFO  manager.MyListener - WebDriver found element by locator---->By.xpath: //input[@id='phone']
14:17:14.115  INFO  manager.MyListener - WebDriver start find element---->By.xpath: //span[normalize-space()='Save']
14:17:14.129  INFO  manager.MyListener - WebDriver found element by locator---->By.xpath: //span[normalize-space()='Save']
14:17:14.202  INFO  manager.MyListener - WebDriver start find element---->By.xpath: //span[@class='mat-ripple summary selected']//div[@class='cover']
14:17:14.218  INFO  manager.MyListener - WebDriver found element by locator---->By.xpath: //span[@class='mat-ripple summary selected']//div[@class='cover']
14:17:14.263  INFO  manager.MyListener - WebDriver start find element---->By.xpath: //textarea[@id='summary']
14:17:14.285  INFO  manager.MyListener - WebDriver found element by locator---->By.xpath: //textarea[@id='summary']
14:17:14.915  INFO  manager.MyListener - WebDriver start find element---->By.xpath: //span[normalize-space()='Save']
14:17:14.929  INFO  manager.MyListener - WebDriver found element by locator---->By.xpath: //span[normalize-space()='Save']
14:17:14.965  INFO  manager.MyListener - WebDriver start find element---->By.xpath: //span[@class='mat-ripple relocation selected']//div[@class='cover']
14:17:14.979  INFO  manager.MyListener - WebDriver found element by locator---->By.xpath: //span[@class='mat-ripple relocation selected']//div[@class='cover']
14:17:15.015  INFO  manager.MyListener - WebDriver start find element---->By.xpath: //input[@id='relocation']
14:17:15.030  INFO  manager.MyListener - WebDriver found element by locator---->By.xpath: //input[@id='relocation']
14:17:15.695  INFO  manager.MyListener - WebDriver start find element---->By.xpath: //span[normalize-space()='Save']
14:17:15.710  INFO  manager.MyListener - WebDriver found element by locator---->By.xpath: //span[normalize-space()='Save']
14:17:15.750  INFO  manager.MyListener - WebDriver start find element---->By.xpath: //div[@class='mat-ripple selected']//div[@class='cover']
14:17:15.769  INFO  manager.MyListener - WebDriver found element by locator---->By.xpath: //div[@class='mat-ripple selected']//div[@class='cover']
14:17:15.815  INFO  manager.MyListener - WebDriver start find element---->By.cssSelector: #shortDesc
14:17:15.832  INFO  manager.MyListener - WebDriver found element by locator---->By.cssSelector: #shortDesc
14:17:16.464  INFO  manager.MyListener - WebDriver start find element---->By.xpath: //span[normalize-space()='Save']
14:17:16.480  INFO  manager.MyListener - WebDriver found element by locator---->By.xpath: //span[normalize-space()='Save']
14:17:16.531  INFO  manager.MyListener - WebDriver start find element---->By.xpath: //section[@id='skills']//div[@class='cover']
14:17:16.549  INFO  manager.MyListener - WebDriver found element by locator---->By.xpath: //section[@id='skills']//div[@class='cover']
14:17:16.626  INFO  manager.MyListener - WebDriver start find element---->By.xpath: //button[@class='mat-focus-indicator add-row-btn mat-stroked-button mat-button-base']//span[@class='mat-button-wrapper']
14:17:16.642  INFO  manager.MyListener - WebDriver found element by locator---->By.xpath: //button[@class='mat-focus-indicator add-row-btn mat-stroked-button mat-button-base']//span[@class='mat-button-wrapper']
14:17:16.678  INFO  manager.MyListener - WebDriver start find element---->By.xpath: //input[@id='title_0']
14:17:16.693  INFO  manager.MyListener - WebDriver found element by locator---->By.xpath: //input[@id='title_0']
14:17:17.312  INFO  manager.MyListener - WebDriver start find element---->By.xpath: //input[@id='desc_0']
14:17:17.329  INFO  manager.MyListener - WebDriver found element by locator---->By.xpath: //input[@id='desc_0']
14:17:17.951  INFO  manager.MyListener - WebDriver start find element---->By.xpath: //span[normalize-space()='Save']
14:17:17.976  INFO  manager.MyListener - WebDriver found element by locator---->By.xpath: //span[normalize-space()='Save']
14:17:18.013  INFO  manager.MyListener - WebDriver start find element---->By.xpath: //section[@id='experience']//div[@class='cover']
14:17:18.028  INFO  manager.MyListener - WebDriver found element by locator---->By.xpath: //section[@id='experience']//div[@class='cover']
14:17:18.096  INFO  manager.MyListener - WebDriver start find element---->By.xpath: //input[@id='startDate']
14:17:18.125  INFO  manager.MyListener - WebDriver found element by locator---->By.xpath: //input[@id='startDate']
14:17:18.198  INFO  manager.MyListener - WebDriver start find element---->By.xpath: //input[@id='startDate']
14:17:18.210  INFO  manager.MyListener - WebDriver found element by locator---->By.xpath: //input[@id='startDate']
14:17:18.820  INFO  manager.MyListener - WebDriver start find element---->By.xpath: //input[@id='endDate']
14:17:18.834  INFO  manager.MyListener - WebDriver found element by locator---->By.xpath: //input[@id='endDate']
14:17:18.918  INFO  manager.MyListener - WebDriver start find element---->By.xpath: //input[@id='endDate']
14:17:18.931  INFO  manager.MyListener - WebDriver found element by locator---->By.xpath: //input[@id='endDate']
14:17:19.521  INFO  manager.MyListener - WebDriver start find element---->By.xpath: //input[@id='companyName']
14:17:19.535  INFO  manager.MyListener - WebDriver found element by locator---->By.xpath: //input[@id='companyName']
14:17:20.156  INFO  manager.MyListener - WebDriver start find element---->By.xpath: //input[@id='companyLocation']
14:17:20.169  INFO  manager.MyListener - WebDriver found element by locator---->By.xpath: //input[@id='companyLocation']
14:17:20.773  INFO  manager.MyListener - WebDriver start find element---->By.xpath: //input[@id='url']
14:17:20.788  INFO  manager.MyListener - WebDriver found element by locator---->By.xpath: //input[@id='url']
14:17:21.438  INFO  manager.MyListener - WebDriver start find element---->By.xpath: //input[@id='position']
14:17:21.449  INFO  manager.MyListener - WebDriver found element by locator---->By.xpath: //input[@id='position']
14:17:22.059  INFO  manager.MyListener - WebDriver start find element---->By.xpath: //textarea[@id='description']
14:17:22.074  INFO  manager.MyListener - WebDriver found element by locator---->By.xpath: //textarea[@id='description']
14:17:22.670  INFO  manager.MyListener - WebDriver start find element---->By.xpath: //span[normalize-space()='Save']
14:17:22.682  INFO  manager.MyListener - WebDriver found element by locator---->By.xpath: //span[normalize-space()='Save']
14:17:22.721  INFO  manager.MyListener - WebDriver start find element---->By.xpath: //section[@id='education']//div[@class='cover']
14:17:22.737  INFO  manager.MyListener - WebDriver found element by locator---->By.xpath: //section[@id='education']//div[@class='cover']
14:17:22.866  INFO  manager.MyListener - WebDriver start find element---->By.xpath: //input[@id='startDate']
14:17:22.882  INFO  manager.MyListener - WebDriver found element by locator---->By.xpath: //input[@id='startDate']
14:17:22.980  INFO  manager.MyListener - WebDriver start find element---->By.xpath: //input[@id='startDate']
14:17:22.995  INFO  manager.MyListener - WebDriver found element by locator---->By.xpath: //input[@id='startDate']
14:17:23.617  INFO  manager.MyListener - WebDriver start find element---->By.xpath: //input[@id='endDate']
14:17:23.629  INFO  manager.MyListener - WebDriver found element by locator---->By.xpath: //input[@id='endDate']
14:17:23.722  INFO  manager.MyListener - WebDriver start find element---->By.xpath: //input[@id='endDate']
14:17:23.734  INFO  manager.MyListener - WebDriver found element by locator---->By.xpath: //input[@id='endDate']
14:17:24.310  INFO  manager.MyListener - WebDriver start find element---->By.xpath: //input[@id='title']
14:17:24.324  INFO  manager.MyListener - WebDriver found element by locator---->By.xpath: //input[@id='title']
14:17:24.927  INFO  manager.MyListener - WebDriver start find element---->By.xpath: //input[@id='location']
14:17:24.944  INFO  manager.MyListener - WebDriver found element by locator---->By.xpath: //input[@id='location']
14:17:25.547  INFO  manager.MyListener - WebDriver start find element---->By.xpath: //input[@id='description']
14:17:25.561  INFO  manager.MyListener - WebDriver found element by locator---->By.xpath: //input[@id='description']
14:17:26.169  INFO  manager.MyListener - WebDriver start find element---->By.xpath: //span[normalize-space()='Save']
14:17:26.181  INFO  manager.MyListener - WebDriver found element by locator---->By.xpath: //span[normalize-space()='Save']
14:17:26.222  INFO  manager.MyListener - WebDriver start find element---->By.xpath: //section[@id='other']//div[@class='cover']
14:17:26.245  INFO  manager.MyListener - WebDriver found element by locator---->By.xpath: //section[@id='other']//div[@class='cover']
14:17:26.375  INFO  manager.MyListener - WebDriver start find element---->By.xpath: //input[@id='title1']
14:17:26.392  INFO  manager.MyListener - WebDriver found element by locator---->By.xpath: //input[@id='title1']
14:17:27.030  INFO  manager.MyListener - WebDriver start find element---->By.xpath: //input[@id='desc1']
14:17:27.046  INFO  manager.MyListener - WebDriver found element by locator---->By.xpath: //input[@id='desc1']
14:17:27.640  INFO  manager.MyListener - WebDriver start find element---->By.xpath: //span[normalize-space()='Save']
14:17:27.650  INFO  manager.MyListener - WebDriver found element by locator---->By.xpath: //span[normalize-space()='Save']
14:17:27.686  INFO  manager.MyListener - WebDriver start find element---->By.xpath: //section[@id='link']//div[@class='cover']
14:17:27.704  INFO  manager.MyListener - WebDriver found element by locator---->By.xpath: //section[@id='link']//div[@class='cover']
14:17:27.822  INFO  manager.MyListener - WebDriver start find element---->By.xpath: //input[@id='link1']
14:17:27.837  INFO  manager.MyListener - WebDriver found element by locator---->By.xpath: //input[@id='link1']
14:17:28.459  INFO  manager.MyListener - WebDriver start find element---->By.xpath: //span[normalize-space()='Save']
14:17:28.472  INFO  manager.MyListener - WebDriver found element by locator---->By.xpath: //span[normalize-space()='Save']
14:17:28.534  INFO  manager.MyListener - WebDriver start find element---->By.xpath: //mat-icon[normalize-space()='save']
14:17:28.549  INFO  manager.MyListener - WebDriver found element by locator---->By.xpath: //mat-icon[normalize-space()='save']
14:17:33.587  INFO  manager.MyListener - WebDriver start find element---->By.xpath: //button[@class='mat-focus-indicator dashboard-btn mat-button mat-button-base ng-star-inserted']//span[@class='mat-button-wrapper']
14:17:33.601  INFO  manager.MyListener - WebDriver found element by locator---->By.xpath: //button[@class='mat-focus-indicator dashboard-btn mat-button mat-button-base ng-star-inserted']//span[@class='mat-button-wrapper']
14:17:33.666  INFO  manager.MyListener - WebDriver start find element---->By.xpath: //span[normalize-space()='Create CV']
14:17:33.689  INFO  manager.MyListener - WebDriver found element by locator---->By.xpath: //span[normalize-space()='Create CV']
14:17:33.789  INFO  manager.MyListener - WebDriver start find element---->By.xpath: //section[@id='header']//div[@class='cover']
14:17:33.809  INFO  manager.MyListener - WebDriver found element by locator---->By.xpath: //section[@id='header']//div[@class='cover']
14:17:33.931  INFO  manager.MyListener - WebDriver start find element---->By.xpath: //input[@id='name']
14:17:33.954  INFO  manager.MyListener - WebDriver found element by locator---->By.xpath: //input[@id='name']
14:17:34.575  INFO  manager.MyListener - WebDriver start find element---->By.xpath: //input[@id='country']
14:17:34.591  INFO  manager.MyListener - WebDriver found element by locator---->By.xpath: //input[@id='country']
14:17:35.196  INFO  manager.MyListener - WebDriver start find element---->By.xpath: //input[@id='email']
14:17:35.213  INFO  manager.MyListener - WebDriver found element by locator---->By.xpath: //input[@id='email']
14:17:35.861  INFO  manager.MyListener - WebDriver start find element---->By.xpath: //input[@id='position']
14:17:35.872  INFO  manager.MyListener - WebDriver found element by locator---->By.xpath: //input[@id='position']
14:17:36.474  INFO  manager.MyListener - WebDriver start find element---->By.xpath: //input[@id='city']
14:17:36.489  INFO  manager.MyListener - WebDriver found element by locator---->By.xpath: //input[@id='city']
14:17:37.108  INFO  manager.MyListener - WebDriver start find element---->By.xpath: //input[@id='birthday']
14:17:37.123  INFO  manager.MyListener - WebDriver found element by locator---->By.xpath: //input[@id='birthday']
14:17:37.740  INFO  manager.MyListener - WebDriver start find element---->By.xpath: //input[@id='phone']
14:17:37.753  INFO  manager.MyListener - WebDriver found element by locator---->By.xpath: //input[@id='phone']
14:17:38.355  INFO  manager.MyListener - WebDriver start find element---->By.xpath: //span[normalize-space()='Save']
14:17:38.366  INFO  manager.MyListener - WebDriver found element by locator---->By.xpath: //span[normalize-space()='Save']
14:17:38.429  INFO  manager.MyListener - WebDriver start find element---->By.xpath: //span[@class='mat-ripple summary selected']//div[@class='cover']
14:17:38.448  INFO  manager.MyListener - WebDriver found element by locator---->By.xpath: //span[@class='mat-ripple summary selected']//div[@class='cover']
14:17:38.486  INFO  manager.MyListener - WebDriver start find element---->By.xpath: //textarea[@id='summary']
14:17:38.503  INFO  manager.MyListener - WebDriver found element by locator---->By.xpath: //textarea[@id='summary']
14:17:39.129  INFO  manager.MyListener - WebDriver start find element---->By.xpath: //span[normalize-space()='Save']
14:17:39.140  INFO  manager.MyListener - WebDriver found element by locator---->By.xpath: //span[normalize-space()='Save']
14:17:39.174  INFO  manager.MyListener - WebDriver start find element---->By.xpath: //span[@class='mat-ripple relocation selected']//div[@class='cover']
14:17:39.189  INFO  manager.MyListener - WebDriver found element by locator---->By.xpath: //span[@class='mat-ripple relocation selected']//div[@class='cover']
14:17:39.244  INFO  manager.MyListener - WebDriver start find element---->By.xpath: //input[@id='relocation']
14:17:39.270  INFO  manager.MyListener - WebDriver found element by locator---->By.xpath: //input[@id='relocation']
14:17:39.882  INFO  manager.MyListener - WebDriver start find element---->By.xpath: //span[normalize-space()='Save']
14:17:39.893  INFO  manager.MyListener - WebDriver found element by locator---->By.xpath: //span[normalize-space()='Save']
14:17:39.929  INFO  manager.MyListener - WebDriver start find element---->By.xpath: //div[@class='mat-ripple selected']//div[@class='cover']
14:17:39.943  INFO  manager.MyListener - WebDriver found element by locator---->By.xpath: //div[@class='mat-ripple selected']//div[@class='cover']
14:17:39.982  INFO  manager.MyListener - WebDriver start find element---->By.cssSelector: #shortDesc
14:17:39.998  INFO  manager.MyListener - WebDriver found element by locator---->By.cssSelector: #shortDesc
14:17:40.692  INFO  manager.MyListener - WebDriver start find element---->By.xpath: //span[normalize-space()='Save']
14:17:40.701  INFO  manager.MyListener - WebDriver found element by locator---->By.xpath: //span[normalize-space()='Save']
14:17:40.733  INFO  manager.MyListener - WebDriver start find element---->By.xpath: //section[@id='skills']//div[@class='cover']
14:17:40.748  INFO  manager.MyListener - WebDriver found element by locator---->By.xpath: //section[@id='skills']//div[@class='cover']
14:17:40.827  INFO  manager.MyListener - WebDriver start find element---->By.xpath: //button[@class='mat-focus-indicator add-row-btn mat-stroked-button mat-button-base']//span[@class='mat-button-wrapper']
14:17:40.852  INFO  manager.MyListener - WebDriver found element by locator---->By.xpath: //button[@class='mat-focus-indicator add-row-btn mat-stroked-button mat-button-base']//span[@class='mat-button-wrapper']
14:17:40.898  INFO  manager.MyListener - WebDriver start find element---->By.xpath: //input[@id='title_0']
14:17:40.913  INFO  manager.MyListener - WebDriver found element by locator---->By.xpath: //input[@id='title_0']
14:17:41.549  INFO  manager.MyListener - WebDriver start find element---->By.xpath: //input[@id='desc_0']
14:17:41.572  INFO  manager.MyListener - WebDriver found element by locator---->By.xpath: //input[@id='desc_0']
14:17:42.181  INFO  manager.MyListener - WebDriver start find element---->By.xpath: //span[normalize-space()='Save']
14:17:42.193  INFO  manager.MyListener - WebDriver found element by locator---->By.xpath: //span[normalize-space()='Save']
14:17:42.228  INFO  manager.MyListener - WebDriver start find element---->By.xpath: //section[@id='experience']//div[@class='cover']
14:17:42.241  INFO  manager.MyListener - WebDriver found element by locator---->By.xpath: //section[@id='experience']//div[@class='cover']
14:17:42.298  INFO  manager.MyListener - WebDriver start find element---->By.xpath: //input[@id='startDate']
14:17:42.314  INFO  manager.MyListener - WebDriver found element by locator---->By.xpath: //input[@id='startDate']
14:17:42.387  INFO  manager.MyListener - WebDriver start find element---->By.xpath: //input[@id='startDate']
14:17:42.399  INFO  manager.MyListener - WebDriver found element by locator---->By.xpath: //input[@id='startDate']
14:17:43.023  INFO  manager.MyListener - WebDriver start find element---->By.xpath: //input[@id='endDate']
14:17:43.038  INFO  manager.MyListener - WebDriver found element by locator---->By.xpath: //input[@id='endDate']
14:17:43.128  INFO  manager.MyListener - WebDriver start find element---->By.xpath: //input[@id='endDate']
14:17:43.143  INFO  manager.MyListener - WebDriver found element by locator---->By.xpath: //input[@id='endDate']
14:17:43.722  INFO  manager.MyListener - WebDriver start find element---->By.xpath: //input[@id='companyName']
14:17:43.738  INFO  manager.MyListener - WebDriver found element by locator---->By.xpath: //input[@id='companyName']
14:17:44.362  INFO  manager.MyListener - WebDriver start find element---->By.xpath: //input[@id='companyLocation']
14:17:44.375  INFO  manager.MyListener - WebDriver found element by locator---->By.xpath: //input[@id='companyLocation']
14:17:44.982  INFO  manager.MyListener - WebDriver start find element---->By.xpath: //input[@id='url']
14:17:44.996  INFO  manager.MyListener - WebDriver found element by locator---->By.xpath: //input[@id='url']
14:17:45.619  INFO  manager.MyListener - WebDriver start find element---->By.xpath: //input[@id='position']
14:17:45.629  INFO  manager.MyListener - WebDriver found element by locator---->By.xpath: //input[@id='position']
14:17:46.223  INFO  manager.MyListener - WebDriver start find element---->By.xpath: //textarea[@id='description']
14:17:46.236  INFO  manager.MyListener - WebDriver found element by locator---->By.xpath: //textarea[@id='description']
14:17:46.843  INFO  manager.MyListener - WebDriver start find element---->By.xpath: //span[normalize-space()='Save']
14:17:46.855  INFO  manager.MyListener - WebDriver found element by locator---->By.xpath: //span[normalize-space()='Save']
14:17:46.894  INFO  manager.MyListener - WebDriver start find element---->By.xpath: //section[@id='education']//div[@class='cover']
14:17:46.925  INFO  manager.MyListener - WebDriver found element by locator---->By.xpath: //section[@id='education']//div[@class='cover']
14:17:47.037  INFO  manager.MyListener - WebDriver start find element---->By.xpath: //input[@id='startDate']
14:17:47.051  INFO  manager.MyListener - WebDriver found element by locator---->By.xpath: //input[@id='startDate']
14:17:47.124  INFO  manager.MyListener - WebDriver start find element---->By.xpath: //input[@id='startDate']
14:17:47.135  INFO  manager.MyListener - WebDriver found element by locator---->By.xpath: //input[@id='startDate']
14:17:47.754  INFO  manager.MyListener - WebDriver start find element---->By.xpath: //input[@id='endDate']
14:17:47.766  INFO  manager.MyListener - WebDriver found element by locator---->By.xpath: //input[@id='endDate']
14:17:47.861  INFO  manager.MyListener - WebDriver start find element---->By.xpath: //input[@id='endDate']
14:17:47.872  INFO  manager.MyListener - WebDriver found element by locator---->By.xpath: //input[@id='endDate']
14:17:48.467  INFO  manager.MyListener - WebDriver start find element---->By.xpath: //input[@id='title']
14:17:48.482  INFO  manager.MyListener - WebDriver found element by locator---->By.xpath: //input[@id='title']
14:17:49.108  INFO  manager.MyListener - WebDriver start find element---->By.xpath: //input[@id='location']
14:17:49.123  INFO  manager.MyListener - WebDriver found element by locator---->By.xpath: //input[@id='location']
14:17:49.730  INFO  manager.MyListener - WebDriver start find element---->By.xpath: //input[@id='description']
14:17:49.745  INFO  manager.MyListener - WebDriver found element by locator---->By.xpath: //input[@id='description']
14:17:50.368  INFO  manager.MyListener - WebDriver start find element---->By.xpath: //span[normalize-space()='Save']
14:17:50.379  INFO  manager.MyListener - WebDriver found element by locator---->By.xpath: //span[normalize-space()='Save']
14:17:50.420  INFO  manager.MyListener - WebDriver start find element---->By.xpath: //section[@id='other']//div[@class='cover']
14:17:50.435  INFO  manager.MyListener - WebDriver found element by locator---->By.xpath: //section[@id='other']//div[@class='cover']
14:17:50.558  INFO  manager.MyListener - WebDriver start find element---->By.xpath: //input[@id='title1']
14:17:50.576  INFO  manager.MyListener - WebDriver found element by locator---->By.xpath: //input[@id='title1']
14:17:51.224  INFO  manager.MyListener - WebDriver start find element---->By.xpath: //input[@id='desc1']
14:17:51.238  INFO  manager.MyListener - WebDriver found element by locator---->By.xpath: //input[@id='desc1']
14:17:51.843  INFO  manager.MyListener - WebDriver start find element---->By.xpath: //span[normalize-space()='Save']
14:17:51.853  INFO  manager.MyListener - WebDriver found element by locator---->By.xpath: //span[normalize-space()='Save']
14:17:51.891  INFO  manager.MyListener - WebDriver start find element---->By.xpath: //section[@id='link']//div[@class='cover']
14:17:51.908  INFO  manager.MyListener - WebDriver found element by locator---->By.xpath: //section[@id='link']//div[@class='cover']
14:17:52.021  INFO  manager.MyListener - WebDriver start find element---->By.xpath: //input[@id='link1']
14:17:52.037  INFO  manager.MyListener - WebDriver found element by locator---->By.xpath: //input[@id='link1']
14:17:52.656  INFO  manager.MyListener - WebDriver start find element---->By.xpath: //span[normalize-space()='Save']
14:17:52.666  INFO  manager.MyListener - WebDriver found element by locator---->By.xpath: //span[normalize-space()='Save']
14:17:52.729  INFO  manager.MyListener - WebDriver start find element---->By.xpath: //mat-icon[normalize-space()='save']
14:17:52.746  INFO  manager.MyListener - WebDriver found element by locator---->By.xpath: //mat-icon[normalize-space()='save']
14:17:57.807  INFO  manager.MyListener - WebDriver start find element---->By.xpath: //button[@class='mat-focus-indicator dashboard-btn mat-button mat-button-base ng-star-inserted']//span[@class='mat-button-wrapper']
14:17:57.821  INFO  manager.MyListener - WebDriver found element by locator---->By.xpath: //button[@class='mat-focus-indicator dashboard-btn mat-button mat-button-base ng-star-inserted']//span[@class='mat-button-wrapper']
14:17:57.877  INFO  manager.MyListener - WebDriver start find element---->By.xpath: //span[normalize-space()='Create CV']
14:17:57.895  INFO  manager.MyListener - WebDriver found element by locator---->By.xpath: //span[normalize-space()='Create CV']
14:17:57.962  INFO  manager.MyListener - WebDriver start find element---->By.xpath: //section[@id='header']//div[@class='cover']
14:17:57.975  INFO  manager.MyListener - WebDriver found element by locator---->By.xpath: //section[@id='header']//div[@class='cover']
14:17:58.025  INFO  manager.MyListener - WebDriver start find element---->By.xpath: //input[@id='name']
14:17:58.044  INFO  manager.MyListener - WebDriver found element by locator---->By.xpath: //input[@id='name']
14:17:58.654  INFO  manager.MyListener - WebDriver start find element---->By.xpath: //input[@id='country']
14:17:58.669  INFO  manager.MyListener - WebDriver found element by locator---->By.xpath: //input[@id='country']
14:17:59.271  INFO  manager.MyListener - WebDriver start find element---->By.xpath: //input[@id='email']
14:17:59.284  INFO  manager.MyListener - WebDriver found element by locator---->By.xpath: //input[@id='email']
14:17:59.905  INFO  manager.MyListener - WebDriver start find element---->By.xpath: //input[@id='position']
14:17:59.915  INFO  manager.MyListener - WebDriver found element by locator---->By.xpath: //input[@id='position']
14:18:00.511  INFO  manager.MyListener - WebDriver start find element---->By.xpath: //input[@id='city']
14:18:00.524  INFO  manager.MyListener - WebDriver found element by locator---->By.xpath: //input[@id='city']
14:18:01.144  INFO  manager.MyListener - WebDriver start find element---->By.xpath: //input[@id='birthday']
14:18:01.162  INFO  manager.MyListener - WebDriver found element by locator---->By.xpath: //input[@id='birthday']
14:18:01.795  INFO  manager.MyListener - WebDriver start find element---->By.xpath: //input[@id='phone']
14:18:01.808  INFO  manager.MyListener - WebDriver found element by locator---->By.xpath: //input[@id='phone']
14:18:02.452  INFO  manager.MyListener - WebDriver start find element---->By.xpath: //span[normalize-space()='Save']
14:18:02.465  INFO  manager.MyListener - WebDriver found element by locator---->By.xpath: //span[normalize-space()='Save']
14:18:02.552  INFO  manager.MyListener - WebDriver start find element---->By.xpath: //span[@class='mat-ripple summary selected']//div[@class='cover']
14:18:02.572  INFO  manager.MyListener - WebDriver found element by locator---->By.xpath: //span[@class='mat-ripple summary selected']//div[@class='cover']
14:18:02.625  INFO  manager.MyListener - WebDriver start find element---->By.xpath: //textarea[@id='summary']
14:18:02.650  INFO  manager.MyListener - WebDriver found element by locator---->By.xpath: //textarea[@id='summary']
14:18:03.708  INFO  manager.MyListener - WebDriver start find element---->By.xpath: //span[normalize-space()='Save']
14:18:03.735  INFO  manager.MyListener - WebDriver found element by locator---->By.xpath: //span[normalize-space()='Save']
14:18:03.774  INFO  manager.MyListener - WebDriver start find element---->By.xpath: //span[@class='mat-ripple relocation selected']//div[@class='cover']
14:18:03.788  INFO  manager.MyListener - WebDriver found element by locator---->By.xpath: //span[@class='mat-ripple relocation selected']//div[@class='cover']
14:18:03.839  INFO  manager.MyListener - WebDriver start find element---->By.xpath: //input[@id='relocation']
14:18:03.855  INFO  manager.MyListener - WebDriver found element by locator---->By.xpath: //input[@id='relocation']
14:18:04.518  INFO  manager.MyListener - WebDriver start find element---->By.xpath: //span[normalize-space()='Save']
14:18:04.528  INFO  manager.MyListener - WebDriver found element by locator---->By.xpath: //span[normalize-space()='Save']
14:18:04.563  INFO  manager.MyListener - WebDriver start find element---->By.xpath: //div[@class='mat-ripple selected']//div[@class='cover']
14:18:04.576  INFO  manager.MyListener - WebDriver found element by locator---->By.xpath: //div[@class='mat-ripple selected']//div[@class='cover']
14:18:04.620  INFO  manager.MyListener - WebDriver start find element---->By.cssSelector: #shortDesc
14:18:04.634  INFO  manager.MyListener - WebDriver found element by locator---->By.cssSelector: #shortDesc
14:18:05.478  INFO  manager.MyListener - WebDriver start find element---->By.xpath: //span[normalize-space()='Save']
14:18:05.499  INFO  manager.MyListener - WebDriver found element by locator---->By.xpath: //span[normalize-space()='Save']
14:18:05.537  INFO  manager.MyListener - WebDriver start find element---->By.xpath: //section[@id='skills']//div[@class='cover']
14:18:05.555  INFO  manager.MyListener - WebDriver found element by locator---->By.xpath: //section[@id='skills']//div[@class='cover']
14:18:05.618  INFO  manager.MyListener - WebDriver start find element---->By.xpath: //button[@class='mat-focus-indicator add-row-btn mat-stroked-button mat-button-base']//span[@class='mat-button-wrapper']
14:18:05.634  INFO  manager.MyListener - WebDriver found element by locator---->By.xpath: //button[@class='mat-focus-indicator add-row-btn mat-stroked-button mat-button-base']//span[@class='mat-button-wrapper']
14:18:05.670  INFO  manager.MyListener - WebDriver start find element---->By.xpath: //input[@id='title_0']
14:18:05.683  INFO  manager.MyListener - WebDriver found element by locator---->By.xpath: //input[@id='title_0']
14:18:06.285  INFO  manager.MyListener - WebDriver start find element---->By.xpath: //input[@id='desc_0']
14:18:06.301  INFO  manager.MyListener - WebDriver found element by locator---->By.xpath: //input[@id='desc_0']
14:18:06.906  INFO  manager.MyListener - WebDriver start find element---->By.xpath: //span[normalize-space()='Save']
14:18:06.916  INFO  manager.MyListener - WebDriver found element by locator---->By.xpath: //span[normalize-space()='Save']
14:18:06.955  INFO  manager.MyListener - WebDriver start find element---->By.xpath: //section[@id='experience']//div[@class='cover']
14:18:06.968  INFO  manager.MyListener - WebDriver found element by locator---->By.xpath: //section[@id='experience']//div[@class='cover']
14:18:07.026  INFO  manager.MyListener - WebDriver start find element---->By.xpath: //input[@id='startDate']
14:18:07.045  INFO  manager.MyListener - WebDriver found element by locator---->By.xpath: //input[@id='startDate']
14:18:07.134  INFO  manager.MyListener - WebDriver start find element---->By.xpath: //input[@id='startDate']
14:18:07.150  INFO  manager.MyListener - WebDriver found element by locator---->By.xpath: //input[@id='startDate']
14:18:07.760  INFO  manager.MyListener - WebDriver start find element---->By.xpath: //input[@id='endDate']
14:18:07.774  INFO  manager.MyListener - WebDriver found element by locator---->By.xpath: //input[@id='endDate']
14:18:07.848  INFO  manager.MyListener - WebDriver start find element---->By.xpath: //input[@id='endDate']
14:18:07.861  INFO  manager.MyListener - WebDriver found element by locator---->By.xpath: //input[@id='endDate']
14:18:08.451  INFO  manager.MyListener - WebDriver start find element---->By.xpath: //input[@id='companyName']
14:18:08.466  INFO  manager.MyListener - WebDriver found element by locator---->By.xpath: //input[@id='companyName']
14:18:09.073  INFO  manager.MyListener - WebDriver start find element---->By.xpath: //input[@id='companyLocation']
14:18:09.087  INFO  manager.MyListener - WebDriver found element by locator---->By.xpath: //input[@id='companyLocation']
14:18:09.693  INFO  manager.MyListener - WebDriver start find element---->By.xpath: //input[@id='url']
14:18:09.706  INFO  manager.MyListener - WebDriver found element by locator---->By.xpath: //input[@id='url']
14:18:10.331  INFO  manager.MyListener - WebDriver start find element---->By.xpath: //input[@id='position']
14:18:10.342  INFO  manager.MyListener - WebDriver found element by locator---->By.xpath: //input[@id='position']
14:18:10.946  INFO  manager.MyListener - WebDriver start find element---->By.xpath: //textarea[@id='description']
14:18:10.959  INFO  manager.MyListener - WebDriver found element by locator---->By.xpath: //textarea[@id='description']
14:18:11.576  INFO  manager.MyListener - WebDriver start find element---->By.xpath: //span[normalize-space()='Save']
14:18:11.586  INFO  manager.MyListener - WebDriver found element by locator---->By.xpath: //span[normalize-space()='Save']
14:18:11.628  INFO  manager.MyListener - WebDriver start find element---->By.xpath: //section[@id='education']//div[@class='cover']
14:18:11.646  INFO  manager.MyListener - WebDriver found element by locator---->By.xpath: //section[@id='education']//div[@class='cover']
14:18:11.766  INFO  manager.MyListener - WebDriver start find element---->By.xpath: //input[@id='startDate']
14:18:11.776  INFO  manager.MyListener - WebDriver found element by locator---->By.xpath: //input[@id='startDate']
14:18:11.861  INFO  manager.MyListener - WebDriver start find element---->By.xpath: //input[@id='startDate']
14:18:11.878  INFO  manager.MyListener - WebDriver found element by locator---->By.xpath: //input[@id='startDate']
14:18:12.496  INFO  manager.MyListener - WebDriver start find element---->By.xpath: //input[@id='endDate']
14:18:12.508  INFO  manager.MyListener - WebDriver found element by locator---->By.xpath: //input[@id='endDate']
14:18:12.592  INFO  manager.MyListener - WebDriver start find element---->By.xpath: //input[@id='endDate']
14:18:12.601  INFO  manager.MyListener - WebDriver found element by locator---->By.xpath: //input[@id='endDate']
14:18:13.172  INFO  manager.MyListener - WebDriver start find element---->By.xpath: //input[@id='title']
14:18:13.186  INFO  manager.MyListener - WebDriver found element by locator---->By.xpath: //input[@id='title']
14:18:13.800  INFO  manager.MyListener - WebDriver start find element---->By.xpath: //input[@id='location']
14:18:13.815  INFO  manager.MyListener - WebDriver found element by locator---->By.xpath: //input[@id='location']
14:18:14.437  INFO  manager.MyListener - WebDriver start find element---->By.xpath: //input[@id='description']
14:18:14.449  INFO  manager.MyListener - WebDriver found element by locator---->By.xpath: //input[@id='description']
14:18:15.060  INFO  manager.MyListener - WebDriver start find element---->By.xpath: //span[normalize-space()='Save']
14:18:15.068  INFO  manager.MyListener - WebDriver found element by locator---->By.xpath: //span[normalize-space()='Save']
14:18:15.113  INFO  manager.MyListener - WebDriver start find element---->By.xpath: //section[@id='other']//div[@class='cover']
14:18:15.127  INFO  manager.MyListener - WebDriver found element by locator---->By.xpath: //section[@id='other']//div[@class='cover']
14:18:15.247  INFO  manager.MyListener - WebDriver start find element---->By.xpath: //input[@id='title1']
14:18:15.261  INFO  manager.MyListener - WebDriver found element by locator---->By.xpath: //input[@id='title1']
14:18:15.873  INFO  manager.MyListener - WebDriver start find element---->By.xpath: //input[@id='desc1']
14:18:15.886  INFO  manager.MyListener - WebDriver found element by locator---->By.xpath: //input[@id='desc1']
14:18:16.503  INFO  manager.MyListener - WebDriver start find element---->By.xpath: //span[normalize-space()='Save']
14:18:16.519  INFO  manager.MyListener - WebDriver found element by locator---->By.xpath: //span[normalize-space()='Save']
14:18:16.555  INFO  manager.MyListener - WebDriver start find element---->By.xpath: //section[@id='link']//div[@class='cover']
14:18:16.568  INFO  manager.MyListener - WebDriver found element by locator---->By.xpath: //section[@id='link']//div[@class='cover']
14:18:16.677  INFO  manager.MyListener - WebDriver start find element---->By.xpath: //input[@id='link1']
14:18:16.690  INFO  manager.MyListener - WebDriver found element by locator---->By.xpath: //input[@id='link1']
14:18:17.317  INFO  manager.MyListener - WebDriver start find element---->By.xpath: //span[normalize-space()='Save']
14:18:17.328  INFO  manager.MyListener - WebDriver found element by locator---->By.xpath: //span[normalize-space()='Save']
14:18:17.394  INFO  manager.MyListener - WebDriver start find element---->By.xpath: //mat-icon[normalize-space()='save']
14:18:17.408  INFO  manager.MyListener - WebDriver found element by locator---->By.xpath: //mat-icon[normalize-space()='save']
14:18:22.447  INFO  manager.MyListener - WebDriver start find element---->By.xpath: //button[@class='mat-focus-indicator dashboard-btn mat-button mat-button-base ng-star-inserted']//span[@class='mat-button-wrapper']
14:18:22.460  INFO  manager.MyListener - WebDriver found element by locator---->By.xpath: //button[@class='mat-focus-indicator dashboard-btn mat-button mat-button-base ng-star-inserted']//span[@class='mat-button-wrapper']
14:18:22.519  INFO  manager.MyListener - WebDriver start find element---->By.xpath: //span[normalize-space()='Create CV']
14:18:22.536  INFO  manager.MyListener - WebDriver found element by locator---->By.xpath: //span[normalize-space()='Create CV']
14:18:22.590  INFO  manager.MyListener - WebDriver start find element---->By.xpath: //section[@id='header']//div[@class='cover']
14:18:22.607  INFO  manager.MyListener - WebDriver found element by locator---->By.xpath: //section[@id='header']//div[@class='cover']
14:18:22.662  INFO  manager.MyListener - WebDriver start find element---->By.xpath: //input[@id='name']
14:18:22.675  INFO  manager.MyListener - WebDriver found element by locator---->By.xpath: //input[@id='name']
14:18:23.348  INFO  manager.MyListener - WebDriver start find element---->By.xpath: //input[@id='country']
14:18:23.364  INFO  manager.MyListener - WebDriver found element by locator---->By.xpath: //input[@id='country']
14:18:23.959  INFO  manager.MyListener - WebDriver start find element---->By.xpath: //input[@id='email']
14:18:23.973  INFO  manager.MyListener - WebDriver found element by locator---->By.xpath: //input[@id='email']
14:18:24.602  INFO  manager.MyListener - WebDriver start find element---->By.xpath: //input[@id='position']
14:18:24.613  INFO  manager.MyListener - WebDriver found element by locator---->By.xpath: //input[@id='position']
14:18:25.208  INFO  manager.MyListener - WebDriver start find element---->By.xpath: //input[@id='city']
14:18:25.221  INFO  manager.MyListener - WebDriver found element by locator---->By.xpath: //input[@id='city']
14:18:25.816  INFO  manager.MyListener - WebDriver start find element---->By.xpath: //input[@id='birthday']
14:18:25.833  INFO  manager.MyListener - WebDriver found element by locator---->By.xpath: //input[@id='birthday']
14:18:26.464  INFO  manager.MyListener - WebDriver start find element---->By.xpath: //input[@id='phone']
14:18:26.485  INFO  manager.MyListener - WebDriver found element by locator---->By.xpath: //input[@id='phone']
14:18:27.088  INFO  manager.MyListener - WebDriver start find element---->By.xpath: //span[normalize-space()='Save']
14:18:27.098  INFO  manager.MyListener - WebDriver found element by locator---->By.xpath: //span[normalize-space()='Save']
14:18:27.160  INFO  manager.MyListener - WebDriver start find element---->By.xpath: //span[@class='mat-ripple summary selected']//div[@class='cover']
14:18:27.176  INFO  manager.MyListener - WebDriver found element by locator---->By.xpath: //span[@class='mat-ripple summary selected']//div[@class='cover']
14:18:27.213  INFO  manager.MyListener - WebDriver start find element---->By.xpath: //textarea[@id='summary']
14:18:27.229  INFO  manager.MyListener - WebDriver found element by locator---->By.xpath: //textarea[@id='summary']
14:18:27.851  INFO  manager.MyListener - WebDriver start find element---->By.xpath: //span[normalize-space()='Save']
14:18:27.861  INFO  manager.MyListener - WebDriver found element by locator---->By.xpath: //span[normalize-space()='Save']
14:18:27.892  INFO  manager.MyListener - WebDriver start find element---->By.xpath: //span[@class='mat-ripple relocation selected']//div[@class='cover']
14:18:27.909  INFO  manager.MyListener - WebDriver found element by locator---->By.xpath: //span[@class='mat-ripple relocation selected']//div[@class='cover']
14:18:27.946  INFO  manager.MyListener - WebDriver start find element---->By.xpath: //input[@id='relocation']
14:18:27.963  INFO  manager.MyListener - WebDriver found element by locator---->By.xpath: //input[@id='relocation']
14:18:28.580  INFO  manager.MyListener - WebDriver start find element---->By.xpath: //span[normalize-space()='Save']
14:18:28.592  INFO  manager.MyListener - WebDriver found element by locator---->By.xpath: //span[normalize-space()='Save']
14:18:28.629  INFO  manager.MyListener - WebDriver start find element---->By.xpath: //div[@class='mat-ripple selected']//div[@class='cover']
14:18:28.643  INFO  manager.MyListener - WebDriver found element by locator---->By.xpath: //div[@class='mat-ripple selected']//div[@class='cover']
14:18:28.680  INFO  manager.MyListener - WebDriver start find element---->By.cssSelector: #shortDesc
14:18:28.694  INFO  manager.MyListener - WebDriver found element by locator---->By.cssSelector: #shortDesc
14:18:29.518  INFO  manager.MyListener - WebDriver start find element---->By.xpath: //span[normalize-space()='Save']
14:18:29.526  INFO  manager.MyListener - WebDriver found element by locator---->By.xpath: //span[normalize-space()='Save']
14:18:29.557  INFO  manager.MyListener - WebDriver start find element---->By.xpath: //section[@id='skills']//div[@class='cover']
14:18:29.569  INFO  manager.MyListener - WebDriver found element by locator---->By.xpath: //section[@id='skills']//div[@class='cover']
14:18:29.604  INFO  manager.MyListener - WebDriver start find element---->By.xpath: //button[@class='mat-focus-indicator add-row-btn mat-stroked-button mat-button-base']//span[@class='mat-button-wrapper']
14:18:29.617  INFO  manager.MyListener - WebDriver found element by locator---->By.xpath: //button[@class='mat-focus-indicator add-row-btn mat-stroked-button mat-button-base']//span[@class='mat-button-wrapper']
14:18:29.661  INFO  manager.MyListener - WebDriver start find element---->By.xpath: //input[@id='title_0']
14:18:29.677  INFO  manager.MyListener - WebDriver found element by locator---->By.xpath: //input[@id='title_0']
14:18:30.298  INFO  manager.MyListener - WebDriver start find element---->By.xpath: //input[@id='desc_0']
14:18:30.313  INFO  manager.MyListener - WebDriver found element by locator---->By.xpath: //input[@id='desc_0']
14:18:30.947  INFO  manager.MyListener - WebDriver start find element---->By.xpath: //span[normalize-space()='Save']
14:18:30.958  INFO  manager.MyListener - WebDriver found element by locator---->By.xpath: //span[normalize-space()='Save']
14:18:30.992  INFO  manager.MyListener - WebDriver start find element---->By.xpath: //section[@id='experience']//div[@class='cover']
14:18:31.007  INFO  manager.MyListener - WebDriver found element by locator---->By.xpath: //section[@id='experience']//div[@class='cover']
14:18:31.065  INFO  manager.MyListener - WebDriver start find element---->By.xpath: //input[@id='startDate']
14:18:31.083  INFO  manager.MyListener - WebDriver found element by locator---->By.xpath: //input[@id='startDate']
14:18:31.158  INFO  manager.MyListener - WebDriver start find element---->By.xpath: //input[@id='startDate']
14:18:31.165  INFO  manager.MyListener - WebDriver found element by locator---->By.xpath: //input[@id='startDate']
14:18:31.777  INFO  manager.MyListener - WebDriver start find element---->By.xpath: //input[@id='endDate']
14:18:31.792  INFO  manager.MyListener - WebDriver found element by locator---->By.xpath: //input[@id='endDate']
14:18:31.882  INFO  manager.MyListener - WebDriver start find element---->By.xpath: //input[@id='endDate']
14:18:31.897  INFO  manager.MyListener - WebDriver found element by locator---->By.xpath: //input[@id='endDate']
14:18:32.507  INFO  manager.MyListener - WebDriver start find element---->By.xpath: //input[@id='companyName']
14:18:32.522  INFO  manager.MyListener - WebDriver found element by locator---->By.xpath: //input[@id='companyName']
14:18:33.137  INFO  manager.MyListener - WebDriver start find element---->By.xpath: //input[@id='companyLocation']
14:18:33.150  INFO  manager.MyListener - WebDriver found element by locator---->By.xpath: //input[@id='companyLocation']
14:18:33.766  INFO  manager.MyListener - WebDriver start find element---->By.xpath: //input[@id='url']
14:18:33.780  INFO  manager.MyListener - WebDriver found element by locator---->By.xpath: //input[@id='url']
14:18:34.402  INFO  manager.MyListener - WebDriver start find element---->By.xpath: //input[@id='position']
14:18:34.412  INFO  manager.MyListener - WebDriver found element by locator---->By.xpath: //input[@id='position']
14:18:35.013  INFO  manager.MyListener - WebDriver start find element---->By.xpath: //textarea[@id='description']
14:18:35.030  INFO  manager.MyListener - WebDriver found element by locator---->By.xpath: //textarea[@id='description']
14:18:35.630  INFO  manager.MyListener - WebDriver start find element---->By.xpath: //span[normalize-space()='Save']
14:18:35.640  INFO  manager.MyListener - WebDriver found element by locator---->By.xpath: //span[normalize-space()='Save']
14:18:35.679  INFO  manager.MyListener - WebDriver start find element---->By.xpath: //section[@id='education']//div[@class='cover']
14:18:35.694  INFO  manager.MyListener - WebDriver found element by locator---->By.xpath: //section[@id='education']//div[@class='cover']
14:18:35.810  INFO  manager.MyListener - WebDriver start find element---->By.xpath: //input[@id='startDate']
14:18:35.819  INFO  manager.MyListener - WebDriver found element by locator---->By.xpath: //input[@id='startDate']
14:18:35.909  INFO  manager.MyListener - WebDriver start find element---->By.xpath: //input[@id='startDate']
14:18:35.930  INFO  manager.MyListener - WebDriver found element by locator---->By.xpath: //input[@id='startDate']
14:18:36.532  INFO  manager.MyListener - WebDriver start find element---->By.xpath: //input[@id='endDate']
14:18:36.542  INFO  manager.MyListener - WebDriver found element by locator---->By.xpath: //input[@id='endDate']
14:18:36.636  INFO  manager.MyListener - WebDriver start find element---->By.xpath: //input[@id='endDate']
14:18:36.646  INFO  manager.MyListener - WebDriver found element by locator---->By.xpath: //input[@id='endDate']
14:18:37.220  INFO  manager.MyListener - WebDriver start find element---->By.xpath: //input[@id='title']
14:18:37.234  INFO  manager.MyListener - WebDriver found element by locator---->By.xpath: //input[@id='title']
14:18:37.855  INFO  manager.MyListener - WebDriver start find element---->By.xpath: //input[@id='location']
14:18:37.870  INFO  manager.MyListener - WebDriver found element by locator---->By.xpath: //input[@id='location']
14:18:38.478  INFO  manager.MyListener - WebDriver start find element---->By.xpath: //input[@id='description']
14:18:38.490  INFO  manager.MyListener - WebDriver found element by locator---->By.xpath: //input[@id='description']
14:18:39.104  INFO  manager.MyListener - WebDriver start find element---->By.xpath: //span[normalize-space()='Save']
14:18:39.116  INFO  manager.MyListener - WebDriver found element by locator---->By.xpath: //span[normalize-space()='Save']
14:18:39.155  INFO  manager.MyListener - WebDriver start find element---->By.xpath: //section[@id='other']//div[@class='cover']
14:18:39.169  INFO  manager.MyListener - WebDriver found element by locator---->By.xpath: //section[@id='other']//div[@class='cover']
14:18:39.308  INFO  manager.MyListener - WebDriver start find element---->By.xpath: //input[@id='title1']
14:18:39.328  INFO  manager.MyListener - WebDriver found element by locator---->By.xpath: //input[@id='title1']
14:18:39.947  INFO  manager.MyListener - WebDriver start find element---->By.xpath: //input[@id='desc1']
14:18:39.960  INFO  manager.MyListener - WebDriver found element by locator---->By.xpath: //input[@id='desc1']
14:18:40.557  INFO  manager.MyListener - WebDriver start find element---->By.xpath: //span[normalize-space()='Save']
14:18:40.566  INFO  manager.MyListener - WebDriver found element by locator---->By.xpath: //span[normalize-space()='Save']
14:18:40.603  INFO  manager.MyListener - WebDriver start find element---->By.xpath: //section[@id='link']//div[@class='cover']
14:18:40.620  INFO  manager.MyListener - WebDriver found element by locator---->By.xpath: //section[@id='link']//div[@class='cover']
14:18:40.748  INFO  manager.MyListener - WebDriver start find element---->By.xpath: //input[@id='link1']
14:18:40.764  INFO  manager.MyListener - WebDriver found element by locator---->By.xpath: //input[@id='link1']
14:18:41.400  INFO  manager.MyListener - WebDriver start find element---->By.xpath: //span[normalize-space()='Save']
14:18:41.408  INFO  manager.MyListener - WebDriver found element by locator---->By.xpath: //span[normalize-space()='Save']
14:18:41.468  INFO  manager.MyListener - WebDriver start find element---->By.xpath: //mat-icon[normalize-space()='save']
14:18:41.484  INFO  manager.MyListener - WebDriver found element by locator---->By.xpath: //mat-icon[normalize-space()='save']
14:18:46.529  INFO  manager.MyListener - WebDriver start find element---->By.xpath: //button[@class='mat-focus-indicator dashboard-btn mat-button mat-button-base ng-star-inserted']//span[@class='mat-button-wrapper']
14:18:46.542  INFO  manager.MyListener - WebDriver found element by locator---->By.xpath: //button[@class='mat-focus-indicator dashboard-btn mat-button mat-button-base ng-star-inserted']//span[@class='mat-button-wrapper']
