14:31:17.313  INFO  manager.ApplicationManager - All tests run in chrome browser
14:31:18.710  INFO  manager.ApplicationManager - Current Url---->https://www.gcvbank.com/
14:31:24.793  INFO  manager.MyListener - WebDriver start find element---->By.xpath: //input[@id='email']
14:31:24.824  INFO  manager.MyListener - WebDriver found element by locator---->By.xpath: //input[@id='email']
14:31:25.495  INFO  manager.MyListener - WebDriver start find element---->By.cssSelector: #password
14:31:25.516  INFO  manager.MyListener - WebDriver found element by locator---->By.cssSelector: #password
14:31:26.130  INFO  manager.MyListener - WebDriver start find element---->By.xpath: //span[normalize-space()='log in']
14:31:26.152  INFO  manager.MyListener - WebDriver found element by locator---->By.xpath: //span[normalize-space()='log in']
14:31:26.216  INFO  tests.LoginTestSeeker - Test stars with email:nastenabeloded@gmail.com &password:Winston08
14:31:26.714  INFO  manager.MyListener - WebDriver start find element---->By.xpath: //span[normalize-space()='sign in']
14:31:26.737  INFO  manager.MyListener - WebDriver found element by locator---->By.xpath: //span[normalize-space()='sign in']
14:31:26.785  INFO  manager.MyListener - WebDriver start find element---->By.xpath: //input[@id='email']
14:31:26.802  INFO  manager.MyListener - WebDriver found element by locator---->By.xpath: //input[@id='email']
14:31:27.475  INFO  manager.MyListener - WebDriver start find element---->By.cssSelector: #password
14:31:27.491  INFO  manager.MyListener - WebDriver found element by locator---->By.cssSelector: #password
14:31:28.097  INFO  manager.MyListener - WebDriver start find element---->By.xpath: //span[normalize-space()='log in']
14:31:28.112  INFO  manager.MyListener - WebDriver found element by locator---->By.xpath: //span[normalize-space()='log in']
14:31:29.169  INFO  manager.MyListener - WebDriver start find element---->By.xpath: //button[@class='mat-focus-indicator logout-btn mat-button mat-button-base ng-star-inserted']//span[@class='mat-button-wrapper']
14:31:29.217  INFO  manager.MyListener - WebDriver found element by locator---->By.xpath: //button[@class='mat-focus-indicator logout-btn mat-button mat-button-base ng-star-inserted']//span[@class='mat-button-wrapper']
14:31:29.264  INFO  tests.LoginTestSeeker - Test stars with email:nastenabeloded@gmail.com &password:Winston08
14:31:29.462  INFO  manager.MyListener - WebDriver start find element---->By.xpath: //input[@id='email']
14:31:29.484  INFO  manager.MyListener - WebDriver found element by locator---->By.xpath: //input[@id='email']
14:31:30.172  INFO  manager.MyListener - WebDriver start find element---->By.cssSelector: #password
14:31:30.188  INFO  manager.MyListener - WebDriver found element by locator---->By.cssSelector: #password
14:31:30.790  INFO  manager.MyListener - WebDriver start find element---->By.xpath: //span[normalize-space()='log in']
14:31:30.804  INFO  manager.MyListener - WebDriver found element by locator---->By.xpath: //span[normalize-space()='log in']
14:31:31.850  INFO  manager.MyListener - WebDriver start find element---->By.xpath: //button[@class='mat-focus-indicator logout-btn mat-button mat-button-base ng-star-inserted']//span[@class='mat-button-wrapper']
14:31:31.866  INFO  manager.MyListener - WebDriver found element by locator---->By.xpath: //button[@class='mat-focus-indicator logout-btn mat-button mat-button-base ng-star-inserted']//span[@class='mat-button-wrapper']
14:31:31.911  INFO  tests.LoginTestSeeker - Test stars with email:nastenabeloded@gmail.com &password:Winston08
14:31:32.229  INFO  manager.MyListener - WebDriver start find element---->By.xpath: //input[@id='email']
14:31:32.246  INFO  manager.MyListener - WebDriver found element by locator---->By.xpath: //input[@id='email']
14:31:32.939  INFO  manager.MyListener - WebDriver start find element---->By.cssSelector: #password
14:31:32.955  INFO  manager.MyListener - WebDriver found element by locator---->By.cssSelector: #password
14:31:33.589  INFO  manager.MyListener - WebDriver start find element---->By.xpath: //span[normalize-space()='log in']
14:31:33.602  INFO  manager.MyListener - WebDriver found element by locator---->By.xpath: //span[normalize-space()='log in']
14:31:33.643  INFO  manager.MyListener - WebDriver start find element---->By.xpath: //h3[normalize-space()='Login or Password incorrect']
14:31:33.974  INFO  manager.MyListener - WebDriver found element by locator---->By.xpath: //h3[normalize-space()='Login or Password incorrect']
14:31:34.328  INFO  manager.MyListener - WebDriver start find element---->By.xpath: //mat-icon[normalize-space()='close']
14:31:34.345  INFO  manager.MyListener - WebDriver found element by locator---->By.xpath: //mat-icon[normalize-space()='close']
14:31:34.703  INFO  manager.MyListener - WebDriver start find element---->By.xpath: //input[@id='email']
14:31:34.724  INFO  manager.MyListener - WebDriver found element by locator---->By.xpath: //input[@id='email']
14:31:35.357  INFO  manager.MyListener - WebDriver start find element---->By.cssSelector: #password
14:31:35.371  INFO  manager.MyListener - WebDriver found element by locator---->By.cssSelector: #password
14:31:35.983  INFO  manager.MyListener - WebDriver start find element---->By.xpath: //span[normalize-space()='log in']
14:31:35.997  INFO  manager.MyListener - WebDriver found element by locator---->By.xpath: //span[normalize-space()='log in']
14:31:36.029  INFO  manager.MyListener - WebDriver start find element---->By.xpath: //span[@class='ng-star-inserted']
14:31:36.049  INFO  manager.MyListener - WebDriver found element by locator---->By.xpath: //span[@class='ng-star-inserted']
14:31:36.360  INFO  manager.MyListener - WebDriver start find element---->By.xpath: //mat-icon[normalize-space()='close']
14:31:36.380  INFO  manager.MyListener - WebDriver found element by locator---->By.xpath: //mat-icon[normalize-space()='close']
14:31:36.767  INFO  manager.MyListener - WebDriver start find element---->By.xpath: //input[@id='email']
14:31:36.783  INFO  manager.MyListener - WebDriver found element by locator---->By.xpath: //input[@id='email']
14:31:37.434  INFO  manager.MyListener - WebDriver start find element---->By.cssSelector: #password
14:31:37.446  INFO  manager.MyListener - WebDriver found element by locator---->By.cssSelector: #password
14:31:38.057  INFO  manager.MyListener - WebDriver start find element---->By.xpath: //span[normalize-space()='log in']
14:31:38.069  INFO  manager.MyListener - WebDriver found element by locator---->By.xpath: //span[normalize-space()='log in']
14:31:38.099  INFO  manager.MyListener - WebDriver start find element---->By.xpath: //span[@class='ng-star-inserted']
14:31:38.112  INFO  manager.MyListener - WebDriver found element by locator---->By.xpath: //span[@class='ng-star-inserted']
14:31:38.930  INFO  manager.MyListener - WebDriver start find element---->By.xpath: //mat-icon[normalize-space()='close']
14:31:38.946  INFO  manager.MyListener - WebDriver found element by locator---->By.xpath: //mat-icon[normalize-space()='close']
14:31:39.412  INFO  manager.MyListener - WebDriver start find element---->By.xpath: //input[@id='companyName']
14:31:39.428  INFO  manager.MyListener - WebDriver found element by locator---->By.xpath: //input[@id='companyName']
14:31:40.037  INFO  manager.MyListener - WebDriver start find element---->By.xpath: //input[@id='companyWebsite']
14:31:40.055  INFO  manager.MyListener - WebDriver found element by locator---->By.xpath: //input[@id='companyWebsite']
14:31:40.692  INFO  manager.MyListener - WebDriver start find element---->By.xpath: //input[@id='country']
14:31:40.707  INFO  manager.MyListener - WebDriver found element by locator---->By.xpath: //input[@id='country']
14:31:41.315  INFO  manager.MyListener - WebDriver start find element---->By.xpath: //input[@id='city']
14:31:41.330  INFO  manager.MyListener - WebDriver found element by locator---->By.xpath: //input[@id='city']
14:31:41.953  INFO  manager.MyListener - WebDriver start find element---->By.xpath: //input[@id='street']
14:31:41.970  INFO  manager.MyListener - WebDriver found element by locator---->By.xpath: //input[@id='street']
14:31:42.576  INFO  manager.MyListener - WebDriver start find element---->By.xpath: //input[@id='house']
14:31:42.594  INFO  manager.MyListener - WebDriver found element by locator---->By.xpath: //input[@id='house']
14:31:43.238  INFO  manager.MyListener - WebDriver start find element---->By.xpath: //input[@id='zip']
14:31:43.255  INFO  manager.MyListener - WebDriver found element by locator---->By.xpath: //input[@id='zip']
14:31:43.887  INFO  manager.MyListener - WebDriver start find element---->By.xpath: //input[@id='companyPhone']
14:31:43.902  INFO  manager.MyListener - WebDriver found element by locator---->By.xpath: //input[@id='companyPhone']
14:31:44.523  INFO  manager.MyListener - WebDriver start find element---->By.xpath: //input[@id='name']
14:31:44.539  INFO  manager.MyListener - WebDriver found element by locator---->By.xpath: //input[@id='name']
14:31:45.139  INFO  manager.MyListener - WebDriver start find element---->By.xpath: //input[@id='lastName']
14:31:45.153  INFO  manager.MyListener - WebDriver found element by locator---->By.xpath: //input[@id='lastName']
14:31:45.763  INFO  manager.MyListener - WebDriver start find element---->By.xpath: //input[@id='position']
14:31:45.777  INFO  manager.MyListener - WebDriver found element by locator---->By.xpath: //input[@id='position']
14:31:46.390  INFO  manager.MyListener - WebDriver start find element---->By.xpath: //input[@id='phone']
14:31:46.404  INFO  manager.MyListener - WebDriver found element by locator---->By.xpath: //input[@id='phone']
14:31:47.025  INFO  manager.MyListener - WebDriver start find element---->By.xpath: //input[@id='email']
14:31:47.037  INFO  manager.MyListener - WebDriver found element by locator---->By.xpath: //input[@id='email']
14:31:47.675  INFO  manager.MyListener - WebDriver start find element---->By.xpath: //input[@id='password']
14:31:47.690  INFO  manager.MyListener - WebDriver found element by locator---->By.xpath: //input[@id='password']
14:31:48.299  INFO  manager.MyListener - WebDriver start find element---->By.xpath: //input[@id='confirmPassword']
14:31:48.314  INFO  manager.MyListener - WebDriver found element by locator---->By.xpath: //input[@id='confirmPassword']
14:31:48.940  INFO  manager.MyListener - WebDriver start find element---->By.xpath: //span[normalize-space()='sign up']
14:31:48.956  INFO  manager.MyListener - WebDriver found element by locator---->By.xpath: //span[normalize-space()='sign up']
14:31:51.186  INFO  manager.MyListener - WebDriver start find element---->By.xpath: //span[normalize-space()='sign in']
14:31:51.206  INFO  manager.MyListener - WebDriver found element by locator---->By.xpath: //span[normalize-space()='sign in']
14:31:51.253  INFO  manager.MyListener - WebDriver start find element---->By.xpath: //input[@id='email']
14:31:51.264  INFO  manager.MyListener - WebDriver found element by locator---->By.xpath: //input[@id='email']
14:31:51.918  INFO  manager.MyListener - WebDriver start find element---->By.xpath: //input[@id='password']
14:31:51.930  INFO  manager.MyListener - WebDriver found element by locator---->By.xpath: //input[@id='password']
14:31:52.532  INFO  manager.MyListener - WebDriver start find element---->By.xpath: //span[normalize-space()='log in']
14:31:52.544  INFO  manager.MyListener - WebDriver found element by locator---->By.xpath: //span[normalize-space()='log in']
14:31:52.963  INFO  manager.MyListener - WebDriver start find element---->By.xpath: //input[@id='companyName']
14:31:52.994  INFO  manager.MyListener - WebDriver found element by locator---->By.xpath: //input[@id='companyName']
14:31:53.607  INFO  manager.MyListener - WebDriver start find element---->By.xpath: //input[@id='companyWebsite']
14:31:53.618  INFO  manager.MyListener - WebDriver found element by locator---->By.xpath: //input[@id='companyWebsite']
14:31:54.242  INFO  manager.MyListener - WebDriver start find element---->By.xpath: //input[@id='country']
14:31:54.253  INFO  manager.MyListener - WebDriver found element by locator---->By.xpath: //input[@id='country']
14:31:54.859  INFO  manager.MyListener - WebDriver start find element---->By.xpath: //input[@id='city']
14:31:54.871  INFO  manager.MyListener - WebDriver found element by locator---->By.xpath: //input[@id='city']
14:31:55.491  INFO  manager.MyListener - WebDriver start find element---->By.xpath: //input[@id='street']
14:31:55.503  INFO  manager.MyListener - WebDriver found element by locator---->By.xpath: //input[@id='street']
14:31:56.100  INFO  manager.MyListener - WebDriver start find element---->By.xpath: //input[@id='house']
14:31:56.112  INFO  manager.MyListener - WebDriver found element by locator---->By.xpath: //input[@id='house']
14:31:56.733  INFO  manager.MyListener - WebDriver start find element---->By.xpath: //input[@id='zip']
14:31:56.745  INFO  manager.MyListener - WebDriver found element by locator---->By.xpath: //input[@id='zip']
14:31:57.384  INFO  manager.MyListener - WebDriver start find element---->By.xpath: //input[@id='companyPhone']
14:31:57.398  INFO  manager.MyListener - WebDriver found element by locator---->By.xpath: //input[@id='companyPhone']
14:31:58.009  INFO  manager.MyListener - WebDriver start find element---->By.xpath: //input[@id='name']
14:31:58.022  INFO  manager.MyListener - WebDriver found element by locator---->By.xpath: //input[@id='name']
14:31:58.624  INFO  manager.MyListener - WebDriver start find element---->By.xpath: //input[@id='lastName']
14:31:58.635  INFO  manager.MyListener - WebDriver found element by locator---->By.xpath: //input[@id='lastName']
14:31:59.245  INFO  manager.MyListener - WebDriver start find element---->By.xpath: //input[@id='position']
14:31:59.256  INFO  manager.MyListener - WebDriver found element by locator---->By.xpath: //input[@id='position']
14:31:59.880  INFO  manager.MyListener - WebDriver start find element---->By.xpath: //input[@id='phone']
14:31:59.890  INFO  manager.MyListener - WebDriver found element by locator---->By.xpath: //input[@id='phone']
14:32:00.498  INFO  manager.MyListener - WebDriver start find element---->By.xpath: //input[@id='email']
14:32:00.509  INFO  manager.MyListener - WebDriver found element by locator---->By.xpath: //input[@id='email']
14:32:01.158  INFO  manager.MyListener - WebDriver start find element---->By.xpath: //input[@id='password']
14:32:01.170  INFO  manager.MyListener - WebDriver found element by locator---->By.xpath: //input[@id='password']
14:32:01.779  INFO  manager.MyListener - WebDriver start find element---->By.xpath: //input[@id='confirmPassword']
14:32:01.789  INFO  manager.MyListener - WebDriver found element by locator---->By.xpath: //input[@id='confirmPassword']
14:32:02.397  INFO  manager.MyListener - WebDriver start find element---->By.xpath: //span[normalize-space()='sign up']
14:32:02.407  INFO  manager.MyListener - WebDriver found element by locator---->By.xpath: //span[normalize-space()='sign up']
14:32:04.477  INFO  manager.MyListener - WebDriver start find element---->By.xpath: //span[normalize-space()='sign in']
14:32:04.497  INFO  manager.MyListener - WebDriver found element by locator---->By.xpath: //span[normalize-space()='sign in']
14:32:04.542  INFO  manager.MyListener - WebDriver start find element---->By.xpath: //input[@id='email']
14:32:04.555  INFO  manager.MyListener - WebDriver found element by locator---->By.xpath: //input[@id='email']
14:32:05.210  INFO  manager.MyListener - WebDriver start find element---->By.xpath: //input[@id='password']
14:32:05.222  INFO  manager.MyListener - WebDriver found element by locator---->By.xpath: //input[@id='password']
14:32:05.821  INFO  manager.MyListener - WebDriver start find element---->By.xpath: //span[normalize-space()='log in']
14:32:05.833  INFO  manager.MyListener - WebDriver found element by locator---->By.xpath: //span[normalize-space()='log in']
14:32:06.270  INFO  manager.MyListener - WebDriver start find element---->By.xpath: //input[@id='companyName']
14:32:06.282  INFO  manager.MyListener - WebDriver found element by locator---->By.xpath: //input[@id='companyName']
14:32:06.904  INFO  manager.MyListener - WebDriver start find element---->By.xpath: //input[@id='companyWebsite']
14:32:06.917  INFO  manager.MyListener - WebDriver found element by locator---->By.xpath: //input[@id='companyWebsite']
14:32:07.543  INFO  manager.MyListener - WebDriver start find element---->By.xpath: //input[@id='country']
14:32:07.556  INFO  manager.MyListener - WebDriver found element by locator---->By.xpath: //input[@id='country']
14:32:08.160  INFO  manager.MyListener - WebDriver start find element---->By.xpath: //input[@id='city']
14:32:08.172  INFO  manager.MyListener - WebDriver found element by locator---->By.xpath: //input[@id='city']
14:32:08.795  INFO  manager.MyListener - WebDriver start find element---->By.xpath: //input[@id='street']
14:32:08.806  INFO  manager.MyListener - WebDriver found element by locator---->By.xpath: //input[@id='street']
14:32:09.416  INFO  manager.MyListener - WebDriver start find element---->By.xpath: //input[@id='house']
14:32:09.432  INFO  manager.MyListener - WebDriver found element by locator---->By.xpath: //input[@id='house']
14:32:10.047  INFO  manager.MyListener - WebDriver start find element---->By.xpath: //input[@id='zip']
14:32:10.059  INFO  manager.MyListener - WebDriver found element by locator---->By.xpath: //input[@id='zip']
14:32:10.673  INFO  manager.MyListener - WebDriver start find element---->By.xpath: //input[@id='companyPhone']
14:32:10.683  INFO  manager.MyListener - WebDriver found element by locator---->By.xpath: //input[@id='companyPhone']
14:32:11.294  INFO  manager.MyListener - WebDriver start find element---->By.xpath: //input[@id='name']
14:32:11.307  INFO  manager.MyListener - WebDriver found element by locator---->By.xpath: //input[@id='name']
14:32:11.917  INFO  manager.MyListener - WebDriver start find element---->By.xpath: //input[@id='lastName']
14:32:11.928  INFO  manager.MyListener - WebDriver found element by locator---->By.xpath: //input[@id='lastName']
14:32:12.537  INFO  manager.MyListener - WebDriver start find element---->By.xpath: //input[@id='position']
14:32:12.546  INFO  manager.MyListener - WebDriver found element by locator---->By.xpath: //input[@id='position']
14:32:13.180  INFO  manager.MyListener - WebDriver start find element---->By.xpath: //input[@id='phone']
14:32:13.206  INFO  manager.MyListener - WebDriver found element by locator---->By.xpath: //input[@id='phone']
14:32:13.827  INFO  manager.MyListener - WebDriver start find element---->By.xpath: //input[@id='email']
14:32:13.841  INFO  manager.MyListener - WebDriver found element by locator---->By.xpath: //input[@id='email']
14:32:14.479  INFO  manager.MyListener - WebDriver start find element---->By.xpath: //input[@id='password']
14:32:14.490  INFO  manager.MyListener - WebDriver found element by locator---->By.xpath: //input[@id='password']
14:32:15.113  INFO  manager.MyListener - WebDriver start find element---->By.xpath: //input[@id='confirmPassword']
14:32:15.124  INFO  manager.MyListener - WebDriver found element by locator---->By.xpath: //input[@id='confirmPassword']
14:32:15.736  INFO  manager.MyListener - WebDriver start find element---->By.xpath: //span[normalize-space()='sign up']
14:32:15.746  INFO  manager.MyListener - WebDriver found element by locator---->By.xpath: //span[normalize-space()='sign up']
14:32:17.833  INFO  manager.MyListener - WebDriver start find element---->By.xpath: //span[normalize-space()='sign in']
14:32:17.848  INFO  manager.MyListener - WebDriver found element by locator---->By.xpath: //span[normalize-space()='sign in']
14:32:17.910  INFO  manager.MyListener - WebDriver start find element---->By.xpath: //input[@id='email']
14:32:17.920  INFO  manager.MyListener - WebDriver found element by locator---->By.xpath: //input[@id='email']
14:32:18.578  INFO  manager.MyListener - WebDriver start find element---->By.xpath: //input[@id='password']
14:32:18.589  INFO  manager.MyListener - WebDriver found element by locator---->By.xpath: //input[@id='password']
14:32:19.189  INFO  manager.MyListener - WebDriver start find element---->By.xpath: //span[normalize-space()='log in']
14:32:19.199  INFO  manager.MyListener - WebDriver found element by locator---->By.xpath: //span[normalize-space()='log in']
14:32:19.622  INFO  manager.MyListener - WebDriver start find element---->By.xpath: //span[normalize-space()='sign in']
14:32:19.634  INFO  manager.MyListener - WebDriver found element by locator---->By.xpath: //span[normalize-space()='sign in']
14:32:19.682  INFO  manager.MyListener - WebDriver start find element---->By.xpath: (//input[@id='email'])[2]
14:32:19.697  INFO  manager.MyListener - WebDriver found element by locator---->By.xpath: (//input[@id='email'])[2]
14:32:20.359  INFO  manager.MyListener - WebDriver start find element---->By.xpath: (//input[@id='password'])[2]
14:32:20.372  INFO  manager.MyListener - WebDriver found element by locator---->By.xpath: (//input[@id='password'])[2]
14:32:20.978  INFO  manager.MyListener - WebDriver start find element---->By.xpath: //span[normalize-space()='log in']
14:32:20.989  INFO  manager.MyListener - WebDriver found element by locator---->By.xpath: //span[normalize-space()='log in']
14:32:22.037  INFO  manager.MyListener - WebDriver start find element---->By.xpath: //button[@class='mat-focus-indicator logout-btn mat-button mat-button-base ng-star-inserted']//span[@class='mat-button-wrapper']
14:32:22.053  INFO  manager.MyListener - WebDriver found element by locator---->By.xpath: //button[@class='mat-focus-indicator logout-btn mat-button mat-button-base ng-star-inserted']//span[@class='mat-button-wrapper']
14:32:22.469  INFO  manager.MyListener - WebDriver start find element---->By.xpath: //span[normalize-space()='sign in']
14:32:22.491  INFO  manager.MyListener - WebDriver found element by locator---->By.xpath: //span[normalize-space()='sign in']
14:32:22.538  INFO  manager.MyListener - WebDriver start find element---->By.xpath: (//input[@id='email'])[2]
14:32:22.550  INFO  manager.MyListener - WebDriver found element by locator---->By.xpath: (//input[@id='email'])[2]
14:32:23.215  INFO  manager.MyListener - WebDriver start find element---->By.xpath: (//input[@id='password'])[2]
14:32:23.226  INFO  manager.MyListener - WebDriver found element by locator---->By.xpath: (//input[@id='password'])[2]
14:32:23.835  INFO  manager.MyListener - WebDriver start find element---->By.xpath: //span[normalize-space()='log in']
14:32:23.848  INFO  manager.MyListener - WebDriver found element by locator---->By.xpath: //span[normalize-space()='log in']
14:32:24.886  INFO  manager.MyListener - WebDriver start find element---->By.xpath: //button[@class='mat-focus-indicator logout-btn mat-button mat-button-base ng-star-inserted']//span[@class='mat-button-wrapper']
14:32:24.897  INFO  manager.MyListener - WebDriver found element by locator---->By.xpath: //button[@class='mat-focus-indicator logout-btn mat-button mat-button-base ng-star-inserted']//span[@class='mat-button-wrapper']
14:32:25.304  INFO  manager.MyListener - WebDriver start find element---->By.xpath: //span[normalize-space()='sign in']
14:32:25.323  INFO  manager.MyListener - WebDriver found element by locator---->By.xpath: //span[normalize-space()='sign in']
14:32:25.373  INFO  manager.MyListener - WebDriver start find element---->By.xpath: (//input[@id='email'])[2]
14:32:25.385  INFO  manager.MyListener - WebDriver found element by locator---->By.xpath: (//input[@id='email'])[2]
14:32:26.052  INFO  manager.MyListener - WebDriver start find element---->By.xpath: (//input[@id='password'])[2]
14:32:26.062  INFO  manager.MyListener - WebDriver found element by locator---->By.xpath: (//input[@id='password'])[2]
14:32:26.690  INFO  manager.MyListener - WebDriver start find element---->By.xpath: //span[normalize-space()='log in']
14:32:26.702  INFO  manager.MyListener - WebDriver found element by locator---->By.xpath: //span[normalize-space()='log in']
14:32:26.743  INFO  manager.MyListener - WebDriver start find element---->By.xpath: //h3[normalize-space()='Login or Password incorrect']
14:32:27.072  INFO  manager.MyListener - WebDriver found element by locator---->By.xpath: //h3[normalize-space()='Login or Password incorrect']
14:32:27.428  INFO  manager.MyListener - WebDriver start find element---->By.xpath: //mat-icon[normalize-space()='close']
14:32:27.442  INFO  manager.MyListener - WebDriver found element by locator---->By.xpath: //mat-icon[normalize-space()='close']
14:32:27.829  INFO  manager.MyListener - WebDriver start find element---->By.xpath: //input[@id='email']
14:32:27.839  INFO  manager.MyListener - WebDriver found element by locator---->By.xpath: //input[@id='email']
14:32:28.502  INFO  manager.MyListener - WebDriver start find element---->By.cssSelector: #password
14:32:28.515  INFO  manager.MyListener - WebDriver found element by locator---->By.cssSelector: #password
14:32:29.112  INFO  manager.MyListener - WebDriver start find element---->By.xpath: //span[normalize-space()='log in']
14:32:29.123  INFO  manager.MyListener - WebDriver found element by locator---->By.xpath: //span[normalize-space()='log in']
14:32:29.153  INFO  manager.MyListener - WebDriver start find element---->By.xpath: //span[@class='ng-star-inserted']
14:32:29.167  INFO  manager.MyListener - WebDriver found element by locator---->By.xpath: //span[@class='ng-star-inserted']
14:32:29.469  INFO  manager.MyListener - WebDriver start find element---->By.xpath: //mat-icon[normalize-space()='close']
14:32:29.486  INFO  manager.MyListener - WebDriver found element by locator---->By.xpath: //mat-icon[normalize-space()='close']
14:32:29.880  INFO  manager.MyListener - WebDriver start find element---->By.xpath: //input[@id='email']
14:32:29.895  INFO  manager.MyListener - WebDriver found element by locator---->By.xpath: //input[@id='email']
14:32:30.544  INFO  manager.MyListener - WebDriver start find element---->By.cssSelector: #password
14:32:30.557  INFO  manager.MyListener - WebDriver found element by locator---->By.cssSelector: #password
14:32:31.152  INFO  manager.MyListener - WebDriver start find element---->By.xpath: //span[normalize-space()='log in']
14:32:31.162  INFO  manager.MyListener - WebDriver found element by locator---->By.xpath: //span[normalize-space()='log in']
14:32:31.198  INFO  manager.MyListener - WebDriver start find element---->By.xpath: //span[@class='ng-star-inserted']
14:32:31.209  INFO  manager.MyListener - WebDriver found element by locator---->By.xpath: //span[@class='ng-star-inserted']
14:32:31.524  INFO  manager.MyListener - WebDriver start find element---->By.xpath: //mat-icon[normalize-space()='close']
14:32:31.539  INFO  manager.MyListener - WebDriver found element by locator---->By.xpath: //mat-icon[normalize-space()='close']
14:32:31.916  INFO  manager.MyListener - WebDriver start find element---->By.xpath: //mat-icon[normalize-space()='close']
14:32:31.937  INFO  manager.MyListener - WebDriver found element by locator---->By.xpath: //mat-icon[normalize-space()='close']
14:32:31.967  INFO  manager.MyListener - WebDriver start find element---->By.xpath: //span[normalize-space()='sign up']
14:32:31.981  INFO  manager.MyListener - WebDriver found element by locator---->By.xpath: //span[normalize-space()='sign up']
14:32:32.035  INFO  manager.MyListener - WebDriver start find element---->By.xpath: //input[@id='name']
14:32:32.049  INFO  manager.MyListener - WebDriver found element by locator---->By.xpath: //input[@id='name']
14:32:32.664  INFO  manager.MyListener - WebDriver start find element---->By.xpath: //input[@id='lastName']
14:32:32.680  INFO  manager.MyListener - WebDriver found element by locator---->By.xpath: //input[@id='lastName']
14:32:33.282  INFO  manager.MyListener - WebDriver start find element---->By.xpath: //input[@id='email']
14:32:33.293  INFO  manager.MyListener - WebDriver found element by locator---->By.xpath: //input[@id='email']
14:32:33.930  INFO  manager.MyListener - WebDriver start find element---->By.xpath: //input[@id='password']
14:32:33.944  INFO  manager.MyListener - WebDriver found element by locator---->By.xpath: //input[@id='password']
14:32:34.547  INFO  manager.MyListener - WebDriver start find element---->By.xpath: //input[@id='confirmPassword']
14:32:34.560  INFO  manager.MyListener - WebDriver found element by locator---->By.xpath: //input[@id='confirmPassword']
14:32:35.166  INFO  manager.MyListener - WebDriver start find element---->By.xpath: (//span[@class='mat-button-wrapper'][normalize-space()='sign up'])[2]
14:32:35.181  INFO  manager.MyListener - WebDriver found element by locator---->By.xpath: (//span[@class='mat-button-wrapper'][normalize-space()='sign up'])[2]
14:32:36.728  INFO  manager.MyListener - WebDriver start find element---->By.xpath: //input[@id='email']
14:32:38.716  INFO  manager.MyListener - WebDriver found element by locator---->By.xpath: //input[@id='email']
14:32:39.383  INFO  manager.MyListener - WebDriver start find element---->By.cssSelector: #password
14:32:39.397  INFO  manager.MyListener - WebDriver found element by locator---->By.cssSelector: #password
14:32:39.993  INFO  manager.MyListener - WebDriver start find element---->By.xpath: //span[normalize-space()='log in']
14:32:40.002  INFO  manager.MyListener - WebDriver found element by locator---->By.xpath: //span[normalize-space()='log in']
14:32:40.038  INFO  manager.MyListener - WebDriver start find element---->By.xpath: //span[normalize-space()='Create CV']
14:32:40.530  INFO  manager.MyListener - WebDriver found element by locator---->By.xpath: //span[normalize-space()='Create CV']
14:32:41.004  INFO  manager.MyListener - WebDriver start find element---->By.xpath: //section[@id='header']//div[@class='cover']
14:32:41.021  INFO  manager.MyListener - WebDriver found element by locator---->By.xpath: //section[@id='header']//div[@class='cover']
14:32:41.090  INFO  manager.MyListener - WebDriver start find element---->By.xpath: //input[@id='name']
14:32:41.103  INFO  manager.MyListener - WebDriver found element by locator---->By.xpath: //input[@id='name']
14:32:41.728  INFO  manager.MyListener - WebDriver start find element---->By.xpath: //input[@id='country']
14:32:41.742  INFO  manager.MyListener - WebDriver found element by locator---->By.xpath: //input[@id='country']
14:32:42.346  INFO  manager.MyListener - WebDriver start find element---->By.xpath: //input[@id='email']
14:32:42.355  INFO  manager.MyListener - WebDriver found element by locator---->By.xpath: //input[@id='email']
14:32:43.015  INFO  manager.MyListener - WebDriver start find element---->By.xpath: //input[@id='position']
14:32:43.028  INFO  manager.MyListener - WebDriver found element by locator---->By.xpath: //input[@id='position']
14:32:43.636  INFO  manager.MyListener - WebDriver start find element---->By.xpath: //input[@id='city']
14:32:43.650  INFO  manager.MyListener - WebDriver found element by locator---->By.xpath: //input[@id='city']
14:32:44.246  INFO  manager.MyListener - WebDriver start find element---->By.xpath: //input[@id='birthday']
14:32:44.260  INFO  manager.MyListener - WebDriver found element by locator---->By.xpath: //input[@id='birthday']
14:32:44.919  INFO  manager.MyListener - WebDriver start find element---->By.xpath: //input[@id='phone']
14:32:44.932  INFO  manager.MyListener - WebDriver found element by locator---->By.xpath: //input[@id='phone']
14:32:45.552  INFO  manager.MyListener - WebDriver start find element---->By.xpath: //span[normalize-space()='Save']
14:32:45.566  INFO  manager.MyListener - WebDriver found element by locator---->By.xpath: //span[normalize-space()='Save']
14:32:45.612  INFO  manager.MyListener - WebDriver start find element---->By.xpath: //span[@class='mat-ripple summary selected']//div[@class='cover']
14:32:45.629  INFO  manager.MyListener - WebDriver found element by locator---->By.xpath: //span[@class='mat-ripple summary selected']//div[@class='cover']
14:32:45.674  INFO  manager.MyListener - WebDriver start find element---->By.xpath: //textarea[@id='summary']
14:32:45.694  INFO  manager.MyListener - WebDriver found element by locator---->By.xpath: //textarea[@id='summary']
14:32:46.338  INFO  manager.MyListener - WebDriver start find element---->By.xpath: //span[normalize-space()='Save']
14:32:46.349  INFO  manager.MyListener - WebDriver found element by locator---->By.xpath: //span[normalize-space()='Save']
14:32:46.383  INFO  manager.MyListener - WebDriver start find element---->By.xpath: //span[@class='mat-ripple relocation selected']//div[@class='cover']
14:32:46.410  INFO  manager.MyListener - WebDriver found element by locator---->By.xpath: //span[@class='mat-ripple relocation selected']//div[@class='cover']
14:32:46.461  INFO  manager.MyListener - WebDriver start find element---->By.xpath: //input[@id='relocation']
14:32:46.476  INFO  manager.MyListener - WebDriver found element by locator---->By.xpath: //input[@id='relocation']
14:32:47.095  INFO  manager.MyListener - WebDriver start find element---->By.xpath: //span[normalize-space()='Save']
14:32:47.107  INFO  manager.MyListener - WebDriver found element by locator---->By.xpath: //span[normalize-space()='Save']
14:32:47.142  INFO  manager.MyListener - WebDriver start find element---->By.xpath: //div[@class='mat-ripple selected']//div[@class='cover']
14:32:47.158  INFO  manager.MyListener - WebDriver found element by locator---->By.xpath: //div[@class='mat-ripple selected']//div[@class='cover']
14:32:47.207  INFO  manager.MyListener - WebDriver start find element---->By.cssSelector: #shortDesc
14:32:47.223  INFO  manager.MyListener - WebDriver found element by locator---->By.cssSelector: #shortDesc
14:32:47.829  INFO  manager.MyListener - WebDriver start find element---->By.xpath: //span[normalize-space()='Save']
14:32:47.842  INFO  manager.MyListener - WebDriver found element by locator---->By.xpath: //span[normalize-space()='Save']
14:32:47.875  INFO  manager.MyListener - WebDriver start find element---->By.xpath: //section[@id='skills']//div[@class='cover']
14:32:47.890  INFO  manager.MyListener - WebDriver found element by locator---->By.xpath: //section[@id='skills']//div[@class='cover']
14:32:47.929  INFO  manager.MyListener - WebDriver start find element---->By.xpath: //button[@class='mat-focus-indicator add-row-btn mat-stroked-button mat-button-base']//span[@class='mat-button-wrapper']
14:32:47.945  INFO  manager.MyListener - WebDriver found element by locator---->By.xpath: //button[@class='mat-focus-indicator add-row-btn mat-stroked-button mat-button-base']//span[@class='mat-button-wrapper']
14:32:47.989  INFO  manager.MyListener - WebDriver start find element---->By.xpath: //input[@id='title_0']
14:32:48.005  INFO  manager.MyListener - WebDriver found element by locator---->By.xpath: //input[@id='title_0']
14:32:48.627  INFO  manager.MyListener - WebDriver start find element---->By.xpath: //input[@id='desc_0']
14:32:48.647  INFO  manager.MyListener - WebDriver found element by locator---->By.xpath: //input[@id='desc_0']
14:32:49.279  INFO  manager.MyListener - WebDriver start find element---->By.xpath: //span[normalize-space()='Save']
14:32:49.289  INFO  manager.MyListener - WebDriver found element by locator---->By.xpath: //span[normalize-space()='Save']
14:32:49.325  INFO  manager.MyListener - WebDriver start find element---->By.xpath: //section[@id='experience']//div[@class='cover']
14:32:49.340  INFO  manager.MyListener - WebDriver found element by locator---->By.xpath: //section[@id='experience']//div[@class='cover']
14:32:49.410  INFO  manager.MyListener - WebDriver start find element---->By.xpath: //input[@id='startDate']
14:32:49.427  INFO  manager.MyListener - WebDriver found element by locator---->By.xpath: //input[@id='startDate']
14:32:49.518  INFO  manager.MyListener - WebDriver start find element---->By.xpath: //input[@id='startDate']
14:32:49.528  INFO  manager.MyListener - WebDriver found element by locator---->By.xpath: //input[@id='startDate']
14:32:50.141  INFO  manager.MyListener - WebDriver start find element---->By.xpath: //input[@id='endDate']
14:32:50.156  INFO  manager.MyListener - WebDriver found element by locator---->By.xpath: //input[@id='endDate']
14:32:50.236  INFO  manager.MyListener - WebDriver start find element---->By.xpath: //input[@id='endDate']
14:32:50.247  INFO  manager.MyListener - WebDriver found element by locator---->By.xpath: //input[@id='endDate']
14:32:50.834  INFO  manager.MyListener - WebDriver start find element---->By.xpath: //input[@id='companyName']
14:32:50.847  INFO  manager.MyListener - WebDriver found element by locator---->By.xpath: //input[@id='companyName']
14:32:51.468  INFO  manager.MyListener - WebDriver start find element---->By.xpath: //input[@id='companyLocation']
14:32:51.481  INFO  manager.MyListener - WebDriver found element by locator---->By.xpath: //input[@id='companyLocation']
14:32:52.090  INFO  manager.MyListener - WebDriver start find element---->By.xpath: //input[@id='url']
14:32:52.127  INFO  manager.MyListener - WebDriver found element by locator---->By.xpath: //input[@id='url']
14:32:52.798  INFO  manager.MyListener - WebDriver start find element---->By.xpath: //input[@id='position']
14:32:52.809  INFO  manager.MyListener - WebDriver found element by locator---->By.xpath: //input[@id='position']
14:32:53.450  INFO  manager.MyListener - WebDriver start find element---->By.xpath: //textarea[@id='description']
14:32:53.463  INFO  manager.MyListener - WebDriver found element by locator---->By.xpath: //textarea[@id='description']
14:32:54.056  INFO  manager.MyListener - WebDriver start find element---->By.xpath: //span[normalize-space()='Save']
14:32:54.066  INFO  manager.MyListener - WebDriver found element by locator---->By.xpath: //span[normalize-space()='Save']
14:32:54.108  INFO  manager.MyListener - WebDriver start find element---->By.xpath: //section[@id='education']//div[@class='cover']
14:32:54.124  INFO  manager.MyListener - WebDriver found element by locator---->By.xpath: //section[@id='education']//div[@class='cover']
14:32:54.249  INFO  manager.MyListener - WebDriver start find element---->By.xpath: //input[@id='startDate']
14:32:54.262  INFO  manager.MyListener - WebDriver found element by locator---->By.xpath: //input[@id='startDate']
14:32:54.342  INFO  manager.MyListener - WebDriver start find element---->By.xpath: //input[@id='startDate']
14:32:54.351  INFO  manager.MyListener - WebDriver found element by locator---->By.xpath: //input[@id='startDate']
14:32:54.963  INFO  manager.MyListener - WebDriver start find element---->By.xpath: //input[@id='endDate']
14:32:54.973  INFO  manager.MyListener - WebDriver found element by locator---->By.xpath: //input[@id='endDate']
14:32:55.046  INFO  manager.MyListener - WebDriver start find element---->By.xpath: //input[@id='endDate']
14:32:55.054  INFO  manager.MyListener - WebDriver found element by locator---->By.xpath: //input[@id='endDate']
14:32:55.629  INFO  manager.MyListener - WebDriver start find element---->By.xpath: //input[@id='title']
14:32:55.642  INFO  manager.MyListener - WebDriver found element by locator---->By.xpath: //input[@id='title']
14:32:56.245  INFO  manager.MyListener - WebDriver start find element---->By.xpath: //input[@id='location']
14:32:56.259  INFO  manager.MyListener - WebDriver found element by locator---->By.xpath: //input[@id='location']
14:32:56.863  INFO  manager.MyListener - WebDriver start find element---->By.xpath: //input[@id='description']
14:32:56.877  INFO  manager.MyListener - WebDriver found element by locator---->By.xpath: //input[@id='description']
14:32:57.486  INFO  manager.MyListener - WebDriver start find element---->By.xpath: //span[normalize-space()='Save']
14:32:57.497  INFO  manager.MyListener - WebDriver found element by locator---->By.xpath: //span[normalize-space()='Save']
14:32:57.559  INFO  manager.MyListener - WebDriver start find element---->By.xpath: //section[@id='other']//div[@class='cover']
14:32:57.573  INFO  manager.MyListener - WebDriver found element by locator---->By.xpath: //section[@id='other']//div[@class='cover']
14:32:57.711  INFO  manager.MyListener - WebDriver start find element---->By.xpath: //input[@id='title1']
14:32:57.735  INFO  manager.MyListener - WebDriver found element by locator---->By.xpath: //input[@id='title1']
14:32:58.373  INFO  manager.MyListener - WebDriver start find element---->By.xpath: //input[@id='desc1']
14:32:58.388  INFO  manager.MyListener - WebDriver found element by locator---->By.xpath: //input[@id='desc1']
14:32:58.997  INFO  manager.MyListener - WebDriver start find element---->By.xpath: //span[normalize-space()='Save']
14:32:59.006  INFO  manager.MyListener - WebDriver found element by locator---->By.xpath: //span[normalize-space()='Save']
14:32:59.041  INFO  manager.MyListener - WebDriver start find element---->By.xpath: //section[@id='link']//div[@class='cover']
14:32:59.057  INFO  manager.MyListener - WebDriver found element by locator---->By.xpath: //section[@id='link']//div[@class='cover']
14:32:59.168  INFO  manager.MyListener - WebDriver start find element---->By.xpath: //input[@id='link1']
14:32:59.184  INFO  manager.MyListener - WebDriver found element by locator---->By.xpath: //input[@id='link1']
14:32:59.821  INFO  manager.MyListener - WebDriver start find element---->By.xpath: //span[normalize-space()='Save']
14:32:59.834  INFO  manager.MyListener - WebDriver found element by locator---->By.xpath: //span[normalize-space()='Save']
14:32:59.871  INFO  manager.MyListener - WebDriver start find element---->By.xpath: //mat-icon[normalize-space()='save']
14:32:59.886  INFO  manager.MyListener - WebDriver found element by locator---->By.xpath: //mat-icon[normalize-space()='save']
14:33:04.924  INFO  manager.MyListener - WebDriver start find element---->By.xpath: //button[@class='mat-focus-indicator dashboard-btn mat-button mat-button-base ng-star-inserted']//span[@class='mat-button-wrapper']
14:33:04.939  INFO  manager.MyListener - WebDriver found element by locator---->By.xpath: //button[@class='mat-focus-indicator dashboard-btn mat-button mat-button-base ng-star-inserted']//span[@class='mat-button-wrapper']
14:33:05.032  INFO  manager.MyListener - WebDriver start find element---->By.xpath: //span[normalize-space()='Create CV']
14:33:05.095  INFO  manager.MyListener - WebDriver found element by locator---->By.xpath: //span[normalize-space()='Create CV']
14:33:05.173  INFO  manager.MyListener - WebDriver start find element---->By.xpath: //section[@id='header']//div[@class='cover']
14:33:05.187  INFO  manager.MyListener - WebDriver found element by locator---->By.xpath: //section[@id='header']//div[@class='cover']
14:33:05.240  INFO  manager.MyListener - WebDriver start find element---->By.xpath: //input[@id='name']
14:33:05.255  INFO  manager.MyListener - WebDriver found element by locator---->By.xpath: //input[@id='name']
14:33:05.940  INFO  manager.MyListener - WebDriver start find element---->By.xpath: //input[@id='country']
14:33:05.954  INFO  manager.MyListener - WebDriver found element by locator---->By.xpath: //input[@id='country']
14:33:06.552  INFO  manager.MyListener - WebDriver start find element---->By.xpath: //input[@id='email']
14:33:06.564  INFO  manager.MyListener - WebDriver found element by locator---->By.xpath: //input[@id='email']
14:33:07.195  INFO  manager.MyListener - WebDriver start find element---->By.xpath: //input[@id='position']
14:33:07.206  INFO  manager.MyListener - WebDriver found element by locator---->By.xpath: //input[@id='position']
14:33:07.816  INFO  manager.MyListener - WebDriver start find element---->By.xpath: //input[@id='city']
14:33:07.830  INFO  manager.MyListener - WebDriver found element by locator---->By.xpath: //input[@id='city']
14:33:08.426  INFO  manager.MyListener - WebDriver start find element---->By.xpath: //input[@id='birthday']
14:33:08.439  INFO  manager.MyListener - WebDriver found element by locator---->By.xpath: //input[@id='birthday']
14:33:09.074  INFO  manager.MyListener - WebDriver start find element---->By.xpath: //input[@id='phone']
14:33:09.089  INFO  manager.MyListener - WebDriver found element by locator---->By.xpath: //input[@id='phone']
14:33:09.708  INFO  manager.MyListener - WebDriver start find element---->By.xpath: //span[normalize-space()='Save']
14:33:09.720  INFO  manager.MyListener - WebDriver found element by locator---->By.xpath: //span[normalize-space()='Save']
14:33:09.787  INFO  manager.MyListener - WebDriver start find element---->By.xpath: //span[@class='mat-ripple summary selected']//div[@class='cover']
14:33:09.801  INFO  manager.MyListener - WebDriver found element by locator---->By.xpath: //span[@class='mat-ripple summary selected']//div[@class='cover']
14:33:09.842  INFO  manager.MyListener - WebDriver start find element---->By.xpath: //textarea[@id='summary']
14:33:09.858  INFO  manager.MyListener - WebDriver found element by locator---->By.xpath: //textarea[@id='summary']
14:33:10.468  INFO  manager.MyListener - WebDriver start find element---->By.xpath: //span[normalize-space()='Save']
14:33:10.480  INFO  manager.MyListener - WebDriver found element by locator---->By.xpath: //span[normalize-space()='Save']
14:33:10.518  INFO  manager.MyListener - WebDriver start find element---->By.xpath: //span[@class='mat-ripple relocation selected']//div[@class='cover']
14:33:10.533  INFO  manager.MyListener - WebDriver found element by locator---->By.xpath: //span[@class='mat-ripple relocation selected']//div[@class='cover']
14:33:10.577  INFO  manager.MyListener - WebDriver start find element---->By.xpath: //input[@id='relocation']
14:33:10.591  INFO  manager.MyListener - WebDriver found element by locator---->By.xpath: //input[@id='relocation']
14:33:11.232  INFO  manager.MyListener - WebDriver start find element---->By.xpath: //span[normalize-space()='Save']
14:33:11.242  INFO  manager.MyListener - WebDriver found element by locator---->By.xpath: //span[normalize-space()='Save']
14:33:11.280  INFO  manager.MyListener - WebDriver start find element---->By.xpath: //div[@class='mat-ripple selected']//div[@class='cover']
14:33:11.294  INFO  manager.MyListener - WebDriver found element by locator---->By.xpath: //div[@class='mat-ripple selected']//div[@class='cover']
14:33:11.333  INFO  manager.MyListener - WebDriver start find element---->By.cssSelector: #shortDesc
14:33:11.347  INFO  manager.MyListener - WebDriver found element by locator---->By.cssSelector: #shortDesc
14:33:11.967  INFO  manager.MyListener - WebDriver start find element---->By.xpath: //span[normalize-space()='Save']
14:33:11.978  INFO  manager.MyListener - WebDriver found element by locator---->By.xpath: //span[normalize-space()='Save']
14:33:12.012  INFO  manager.MyListener - WebDriver start find element---->By.xpath: //section[@id='skills']//div[@class='cover']
14:33:12.026  INFO  manager.MyListener - WebDriver found element by locator---->By.xpath: //section[@id='skills']//div[@class='cover']
14:33:12.064  INFO  manager.MyListener - WebDriver start find element---->By.xpath: //button[@class='mat-focus-indicator add-row-btn mat-stroked-button mat-button-base']//span[@class='mat-button-wrapper']
14:33:12.078  INFO  manager.MyListener - WebDriver found element by locator---->By.xpath: //button[@class='mat-focus-indicator add-row-btn mat-stroked-button mat-button-base']//span[@class='mat-button-wrapper']
14:33:12.119  INFO  manager.MyListener - WebDriver start find element---->By.xpath: //input[@id='title_0']
14:33:12.133  INFO  manager.MyListener - WebDriver found element by locator---->By.xpath: //input[@id='title_0']
14:33:12.741  INFO  manager.MyListener - WebDriver start find element---->By.xpath: //input[@id='desc_0']
14:33:12.755  INFO  manager.MyListener - WebDriver found element by locator---->By.xpath: //input[@id='desc_0']
14:33:13.359  INFO  manager.MyListener - WebDriver start find element---->By.xpath: //span[normalize-space()='Save']
14:33:13.368  INFO  manager.MyListener - WebDriver found element by locator---->By.xpath: //span[normalize-space()='Save']
14:33:13.425  INFO  manager.MyListener - WebDriver start find element---->By.xpath: //section[@id='experience']//div[@class='cover']
14:33:13.437  INFO  manager.MyListener - WebDriver found element by locator---->By.xpath: //section[@id='experience']//div[@class='cover']
14:33:13.494  INFO  manager.MyListener - WebDriver start find element---->By.xpath: //input[@id='startDate']
14:33:13.509  INFO  manager.MyListener - WebDriver found element by locator---->By.xpath: //input[@id='startDate']
14:33:13.591  INFO  manager.MyListener - WebDriver start find element---->By.xpath: //input[@id='startDate']
14:33:13.601  INFO  manager.MyListener - WebDriver found element by locator---->By.xpath: //input[@id='startDate']
14:33:14.216  INFO  manager.MyListener - WebDriver start find element---->By.xpath: //input[@id='endDate']
14:33:14.230  INFO  manager.MyListener - WebDriver found element by locator---->By.xpath: //input[@id='endDate']
14:33:14.314  INFO  manager.MyListener - WebDriver start find element---->By.xpath: //input[@id='endDate']
14:33:14.323  INFO  manager.MyListener - WebDriver found element by locator---->By.xpath: //input[@id='endDate']
14:33:14.910  INFO  manager.MyListener - WebDriver start find element---->By.xpath: //input[@id='companyName']
14:33:14.923  INFO  manager.MyListener - WebDriver found element by locator---->By.xpath: //input[@id='companyName']
14:33:15.542  INFO  manager.MyListener - WebDriver start find element---->By.xpath: //input[@id='companyLocation']
14:33:15.555  INFO  manager.MyListener - WebDriver found element by locator---->By.xpath: //input[@id='companyLocation']
14:33:16.185  INFO  manager.MyListener - WebDriver start find element---->By.xpath: //input[@id='url']
14:33:16.204  INFO  manager.MyListener - WebDriver found element by locator---->By.xpath: //input[@id='url']
14:33:16.820  INFO  manager.MyListener - WebDriver start find element---->By.xpath: //input[@id='position']
14:33:16.829  INFO  manager.MyListener - WebDriver found element by locator---->By.xpath: //input[@id='position']
14:33:17.435  INFO  manager.MyListener - WebDriver start find element---->By.xpath: //textarea[@id='description']
14:33:17.448  INFO  manager.MyListener - WebDriver found element by locator---->By.xpath: //textarea[@id='description']
14:33:18.052  INFO  manager.MyListener - WebDriver start find element---->By.xpath: //span[normalize-space()='Save']
14:33:18.062  INFO  manager.MyListener - WebDriver found element by locator---->By.xpath: //span[normalize-space()='Save']
14:33:18.105  INFO  manager.MyListener - WebDriver start find element---->By.xpath: //section[@id='education']//div[@class='cover']
14:33:18.123  INFO  manager.MyListener - WebDriver found element by locator---->By.xpath: //section[@id='education']//div[@class='cover']
14:33:18.239  INFO  manager.MyListener - WebDriver start find element---->By.xpath: //input[@id='startDate']
14:33:18.251  INFO  manager.MyListener - WebDriver found element by locator---->By.xpath: //input[@id='startDate']
14:33:18.335  INFO  manager.MyListener - WebDriver start find element---->By.xpath: //input[@id='startDate']
14:33:18.347  INFO  manager.MyListener - WebDriver found element by locator---->By.xpath: //input[@id='startDate']
14:33:18.971  INFO  manager.MyListener - WebDriver start find element---->By.xpath: //input[@id='endDate']
14:33:18.983  INFO  manager.MyListener - WebDriver found element by locator---->By.xpath: //input[@id='endDate']
14:33:19.058  INFO  manager.MyListener - WebDriver start find element---->By.xpath: //input[@id='endDate']
14:33:19.069  INFO  manager.MyListener - WebDriver found element by locator---->By.xpath: //input[@id='endDate']
14:33:19.649  INFO  manager.MyListener - WebDriver start find element---->By.xpath: //input[@id='title']
14:33:19.662  INFO  manager.MyListener - WebDriver found element by locator---->By.xpath: //input[@id='title']
14:33:20.262  INFO  manager.MyListener - WebDriver start find element---->By.xpath: //input[@id='location']
14:33:20.274  INFO  manager.MyListener - WebDriver found element by locator---->By.xpath: //input[@id='location']
14:33:20.877  INFO  manager.MyListener - WebDriver start find element---->By.xpath: //input[@id='description']
14:33:20.891  INFO  manager.MyListener - WebDriver found element by locator---->By.xpath: //input[@id='description']
14:33:21.509  INFO  manager.MyListener - WebDriver start find element---->By.xpath: //span[normalize-space()='Save']
14:33:21.519  INFO  manager.MyListener - WebDriver found element by locator---->By.xpath: //span[normalize-space()='Save']
14:33:21.555  INFO  manager.MyListener - WebDriver start find element---->By.xpath: //section[@id='other']//div[@class='cover']
14:33:21.571  INFO  manager.MyListener - WebDriver found element by locator---->By.xpath: //section[@id='other']//div[@class='cover']
14:33:21.692  INFO  manager.MyListener - WebDriver start find element---->By.xpath: //input[@id='title1']
14:33:21.728  INFO  manager.MyListener - WebDriver found element by locator---->By.xpath: //input[@id='title1']
14:33:22.358  INFO  manager.MyListener - WebDriver start find element---->By.xpath: //input[@id='desc1']
14:33:22.372  INFO  manager.MyListener - WebDriver found element by locator---->By.xpath: //input[@id='desc1']
14:33:22.980  INFO  manager.MyListener - WebDriver start find element---->By.xpath: //span[normalize-space()='Save']
14:33:22.990  INFO  manager.MyListener - WebDriver found element by locator---->By.xpath: //span[normalize-space()='Save']
14:33:23.024  INFO  manager.MyListener - WebDriver start find element---->By.xpath: //section[@id='link']//div[@class='cover']
14:33:23.041  INFO  manager.MyListener - WebDriver found element by locator---->By.xpath: //section[@id='link']//div[@class='cover']
14:33:23.158  INFO  manager.MyListener - WebDriver start find element---->By.xpath: //input[@id='link1']
14:33:23.171  INFO  manager.MyListener - WebDriver found element by locator---->By.xpath: //input[@id='link1']
14:33:23.803  INFO  manager.MyListener - WebDriver start find element---->By.xpath: //span[normalize-space()='Save']
14:33:23.812  INFO  manager.MyListener - WebDriver found element by locator---->By.xpath: //span[normalize-space()='Save']
14:33:23.879  INFO  manager.MyListener - WebDriver start find element---->By.xpath: //mat-icon[normalize-space()='save']
14:33:23.892  INFO  manager.MyListener - WebDriver found element by locator---->By.xpath: //mat-icon[normalize-space()='save']
14:33:28.935  INFO  manager.MyListener - WebDriver start find element---->By.xpath: //button[@class='mat-focus-indicator dashboard-btn mat-button mat-button-base ng-star-inserted']//span[@class='mat-button-wrapper']
14:33:28.950  INFO  manager.MyListener - WebDriver found element by locator---->By.xpath: //button[@class='mat-focus-indicator dashboard-btn mat-button mat-button-base ng-star-inserted']//span[@class='mat-button-wrapper']
14:33:29.008  INFO  manager.MyListener - WebDriver start find element---->By.xpath: //span[normalize-space()='Create CV']
14:33:29.025  INFO  manager.MyListener - WebDriver found element by locator---->By.xpath: //span[normalize-space()='Create CV']
14:33:29.095  INFO  manager.MyListener - WebDriver start find element---->By.xpath: //section[@id='header']//div[@class='cover']
14:33:29.113  INFO  manager.MyListener - WebDriver found element by locator---->By.xpath: //section[@id='header']//div[@class='cover']
14:33:29.162  INFO  manager.MyListener - WebDriver start find element---->By.xpath: //input[@id='name']
14:33:29.177  INFO  manager.MyListener - WebDriver found element by locator---->By.xpath: //input[@id='name']
14:33:29.800  INFO  manager.MyListener - WebDriver start find element---->By.xpath: //input[@id='country']
14:33:29.815  INFO  manager.MyListener - WebDriver found element by locator---->By.xpath: //input[@id='country']
14:33:30.420  INFO  manager.MyListener - WebDriver start find element---->By.xpath: //input[@id='email']
14:33:30.432  INFO  manager.MyListener - WebDriver found element by locator---->By.xpath: //input[@id='email']
14:33:31.066  INFO  manager.MyListener - WebDriver start find element---->By.xpath: //input[@id='position']
14:33:31.075  INFO  manager.MyListener - WebDriver found element by locator---->By.xpath: //input[@id='position']
14:33:31.696  INFO  manager.MyListener - WebDriver start find element---->By.xpath: //input[@id='city']
14:33:31.708  INFO  manager.MyListener - WebDriver found element by locator---->By.xpath: //input[@id='city']
14:33:32.307  INFO  manager.MyListener - WebDriver start find element---->By.xpath: //input[@id='birthday']
14:33:32.319  INFO  manager.MyListener - WebDriver found element by locator---->By.xpath: //input[@id='birthday']
14:33:32.934  INFO  manager.MyListener - WebDriver start find element---->By.xpath: //input[@id='phone']
14:33:32.948  INFO  manager.MyListener - WebDriver found element by locator---->By.xpath: //input[@id='phone']
14:33:33.561  INFO  manager.MyListener - WebDriver start find element---->By.xpath: //span[normalize-space()='Save']
14:33:33.571  INFO  manager.MyListener - WebDriver found element by locator---->By.xpath: //span[normalize-space()='Save']
14:33:33.637  INFO  manager.MyListener - WebDriver start find element---->By.xpath: //span[@class='mat-ripple summary selected']//div[@class='cover']
14:33:33.650  INFO  manager.MyListener - WebDriver found element by locator---->By.xpath: //span[@class='mat-ripple summary selected']//div[@class='cover']
14:33:33.687  INFO  manager.MyListener - WebDriver start find element---->By.xpath: //textarea[@id='summary']
14:33:33.701  INFO  manager.MyListener - WebDriver found element by locator---->By.xpath: //textarea[@id='summary']
14:33:34.315  INFO  manager.MyListener - WebDriver start find element---->By.xpath: //span[normalize-space()='Save']
14:33:34.326  INFO  manager.MyListener - WebDriver found element by locator---->By.xpath: //span[normalize-space()='Save']
14:33:34.362  INFO  manager.MyListener - WebDriver start find element---->By.xpath: //span[@class='mat-ripple relocation selected']//div[@class='cover']
14:33:34.378  INFO  manager.MyListener - WebDriver found element by locator---->By.xpath: //span[@class='mat-ripple relocation selected']//div[@class='cover']
14:33:34.437  INFO  manager.MyListener - WebDriver start find element---->By.xpath: //input[@id='relocation']
14:33:34.455  INFO  manager.MyListener - WebDriver found element by locator---->By.xpath: //input[@id='relocation']
14:33:35.072  INFO  manager.MyListener - WebDriver start find element---->By.xpath: //span[normalize-space()='Save']
14:33:35.083  INFO  manager.MyListener - WebDriver found element by locator---->By.xpath: //span[normalize-space()='Save']
14:33:35.117  INFO  manager.MyListener - WebDriver start find element---->By.xpath: //div[@class='mat-ripple selected']//div[@class='cover']
14:33:35.132  INFO  manager.MyListener - WebDriver found element by locator---->By.xpath: //div[@class='mat-ripple selected']//div[@class='cover']
14:33:35.172  INFO  manager.MyListener - WebDriver start find element---->By.cssSelector: #shortDesc
14:33:35.185  INFO  manager.MyListener - WebDriver found element by locator---->By.cssSelector: #shortDesc
14:33:35.901  INFO  manager.MyListener - WebDriver start find element---->By.xpath: //span[normalize-space()='Save']
14:33:35.911  INFO  manager.MyListener - WebDriver found element by locator---->By.xpath: //span[normalize-space()='Save']
14:33:35.940  INFO  manager.MyListener - WebDriver start find element---->By.xpath: //section[@id='skills']//div[@class='cover']
14:33:35.955  INFO  manager.MyListener - WebDriver found element by locator---->By.xpath: //section[@id='skills']//div[@class='cover']
14:33:35.988  INFO  manager.MyListener - WebDriver start find element---->By.xpath: //button[@class='mat-focus-indicator add-row-btn mat-stroked-button mat-button-base']//span[@class='mat-button-wrapper']
14:33:36.003  INFO  manager.MyListener - WebDriver found element by locator---->By.xpath: //button[@class='mat-focus-indicator add-row-btn mat-stroked-button mat-button-base']//span[@class='mat-button-wrapper']
14:33:36.036  INFO  manager.MyListener - WebDriver start find element---->By.xpath: //input[@id='title_0']
14:33:36.052  INFO  manager.MyListener - WebDriver found element by locator---->By.xpath: //input[@id='title_0']
14:33:36.686  INFO  manager.MyListener - WebDriver start find element---->By.xpath: //input[@id='desc_0']
14:33:36.701  INFO  manager.MyListener - WebDriver found element by locator---->By.xpath: //input[@id='desc_0']
14:33:37.301  INFO  manager.MyListener - WebDriver start find element---->By.xpath: //span[normalize-space()='Save']
14:33:37.310  INFO  manager.MyListener - WebDriver found element by locator---->By.xpath: //span[normalize-space()='Save']
14:33:37.344  INFO  manager.MyListener - WebDriver start find element---->By.xpath: //section[@id='experience']//div[@class='cover']
14:33:37.356  INFO  manager.MyListener - WebDriver found element by locator---->By.xpath: //section[@id='experience']//div[@class='cover']
14:33:37.415  INFO  manager.MyListener - WebDriver start find element---->By.xpath: //input[@id='startDate']
14:33:37.430  INFO  manager.MyListener - WebDriver found element by locator---->By.xpath: //input[@id='startDate']
14:33:37.513  INFO  manager.MyListener - WebDriver start find element---->By.xpath: //input[@id='startDate']
14:33:37.523  INFO  manager.MyListener - WebDriver found element by locator---->By.xpath: //input[@id='startDate']
14:33:38.128  INFO  manager.MyListener - WebDriver start find element---->By.xpath: //input[@id='endDate']
14:33:38.140  INFO  manager.MyListener - WebDriver found element by locator---->By.xpath: //input[@id='endDate']
14:33:38.216  INFO  manager.MyListener - WebDriver start find element---->By.xpath: //input[@id='endDate']
14:33:38.224  INFO  manager.MyListener - WebDriver found element by locator---->By.xpath: //input[@id='endDate']
14:33:38.805  INFO  manager.MyListener - WebDriver start find element---->By.xpath: //input[@id='companyName']
14:33:38.817  INFO  manager.MyListener - WebDriver found element by locator---->By.xpath: //input[@id='companyName']
14:33:39.429  INFO  manager.MyListener - WebDriver start find element---->By.xpath: //input[@id='companyLocation']
14:33:39.441  INFO  manager.MyListener - WebDriver found element by locator---->By.xpath: //input[@id='companyLocation']
14:33:40.039  INFO  manager.MyListener - WebDriver start find element---->By.xpath: //input[@id='url']
14:33:40.069  INFO  manager.MyListener - WebDriver found element by locator---->By.xpath: //input[@id='url']
14:33:40.691  INFO  manager.MyListener - WebDriver start find element---->By.xpath: //input[@id='position']
14:33:40.700  INFO  manager.MyListener - WebDriver found element by locator---->By.xpath: //input[@id='position']
14:33:41.307  INFO  manager.MyListener - WebDriver start find element---->By.xpath: //textarea[@id='description']
14:33:41.322  INFO  manager.MyListener - WebDriver found element by locator---->By.xpath: //textarea[@id='description']
14:33:41.923  INFO  manager.MyListener - WebDriver start find element---->By.xpath: //span[normalize-space()='Save']
14:33:41.933  INFO  manager.MyListener - WebDriver found element by locator---->By.xpath: //span[normalize-space()='Save']
14:33:41.971  INFO  manager.MyListener - WebDriver start find element---->By.xpath: //section[@id='education']//div[@class='cover']
14:33:41.986  INFO  manager.MyListener - WebDriver found element by locator---->By.xpath: //section[@id='education']//div[@class='cover']
14:33:42.105  INFO  manager.MyListener - WebDriver start find element---->By.xpath: //input[@id='startDate']
14:33:42.116  INFO  manager.MyListener - WebDriver found element by locator---->By.xpath: //input[@id='startDate']
14:33:42.195  INFO  manager.MyListener - WebDriver start find element---->By.xpath: //input[@id='startDate']
14:33:42.207  INFO  manager.MyListener - WebDriver found element by locator---->By.xpath: //input[@id='startDate']
14:33:42.848  INFO  manager.MyListener - WebDriver start find element---->By.xpath: //input[@id='endDate']
14:33:42.859  INFO  manager.MyListener - WebDriver found element by locator---->By.xpath: //input[@id='endDate']
14:33:42.938  INFO  manager.MyListener - WebDriver start find element---->By.xpath: //input[@id='endDate']
14:33:42.946  INFO  manager.MyListener - WebDriver found element by locator---->By.xpath: //input[@id='endDate']
14:33:43.514  INFO  manager.MyListener - WebDriver start find element---->By.xpath: //input[@id='title']
14:33:43.528  INFO  manager.MyListener - WebDriver found element by locator---->By.xpath: //input[@id='title']
14:33:44.129  INFO  manager.MyListener - WebDriver start find element---->By.xpath: //input[@id='location']
14:33:44.142  INFO  manager.MyListener - WebDriver found element by locator---->By.xpath: //input[@id='location']
14:33:44.739  INFO  manager.MyListener - WebDriver start find element---->By.xpath: //input[@id='description']
14:33:44.750  INFO  manager.MyListener - WebDriver found element by locator---->By.xpath: //input[@id='description']
14:33:45.350  INFO  manager.MyListener - WebDriver start find element---->By.xpath: //span[normalize-space()='Save']
14:33:45.360  INFO  manager.MyListener - WebDriver found element by locator---->By.xpath: //span[normalize-space()='Save']
14:33:45.394  INFO  manager.MyListener - WebDriver start find element---->By.xpath: //section[@id='other']//div[@class='cover']
14:33:45.407  INFO  manager.MyListener - WebDriver found element by locator---->By.xpath: //section[@id='other']//div[@class='cover']
14:33:45.523  INFO  manager.MyListener - WebDriver start find element---->By.xpath: //input[@id='title1']
14:33:45.536  INFO  manager.MyListener - WebDriver found element by locator---->By.xpath: //input[@id='title1']
14:33:46.188  INFO  manager.MyListener - WebDriver start find element---->By.xpath: //input[@id='desc1']
14:33:46.200  INFO  manager.MyListener - WebDriver found element by locator---->By.xpath: //input[@id='desc1']
14:33:46.804  INFO  manager.MyListener - WebDriver start find element---->By.xpath: //span[normalize-space()='Save']
14:33:46.816  INFO  manager.MyListener - WebDriver found element by locator---->By.xpath: //span[normalize-space()='Save']
14:33:46.851  INFO  manager.MyListener - WebDriver start find element---->By.xpath: //section[@id='link']//div[@class='cover']
14:33:46.864  INFO  manager.MyListener - WebDriver found element by locator---->By.xpath: //section[@id='link']//div[@class='cover']
14:33:46.974  INFO  manager.MyListener - WebDriver start find element---->By.xpath: //input[@id='link1']
14:33:46.989  INFO  manager.MyListener - WebDriver found element by locator---->By.xpath: //input[@id='link1']
14:33:47.625  INFO  manager.MyListener - WebDriver start find element---->By.xpath: //span[normalize-space()='Save']
14:33:47.634  INFO  manager.MyListener - WebDriver found element by locator---->By.xpath: //span[normalize-space()='Save']
14:33:47.697  INFO  manager.MyListener - WebDriver start find element---->By.xpath: //mat-icon[normalize-space()='save']
14:33:47.711  INFO  manager.MyListener - WebDriver found element by locator---->By.xpath: //mat-icon[normalize-space()='save']
14:33:52.760  INFO  manager.MyListener - WebDriver start find element---->By.xpath: //button[@class='mat-focus-indicator dashboard-btn mat-button mat-button-base ng-star-inserted']//span[@class='mat-button-wrapper']
14:33:52.773  INFO  manager.MyListener - WebDriver found element by locator---->By.xpath: //button[@class='mat-focus-indicator dashboard-btn mat-button mat-button-base ng-star-inserted']//span[@class='mat-button-wrapper']
14:33:52.828  INFO  manager.MyListener - WebDriver start find element---->By.xpath: //span[normalize-space()='Create CV']
14:33:52.855  INFO  manager.MyListener - WebDriver found element by locator---->By.xpath: //span[normalize-space()='Create CV']
14:33:52.917  INFO  manager.MyListener - WebDriver start find element---->By.xpath: //section[@id='header']//div[@class='cover']
14:33:52.931  INFO  manager.MyListener - WebDriver found element by locator---->By.xpath: //section[@id='header']//div[@class='cover']
14:33:52.983  INFO  manager.MyListener - WebDriver start find element---->By.xpath: //input[@id='name']
14:33:53.000  INFO  manager.MyListener - WebDriver found element by locator---->By.xpath: //input[@id='name']
14:33:53.630  INFO  manager.MyListener - WebDriver start find element---->By.xpath: //input[@id='country']
14:33:53.643  INFO  manager.MyListener - WebDriver found element by locator---->By.xpath: //input[@id='country']
14:33:54.242  INFO  manager.MyListener - WebDriver start find element---->By.xpath: //input[@id='email']
14:33:54.254  INFO  manager.MyListener - WebDriver found element by locator---->By.xpath: //input[@id='email']
14:33:54.871  INFO  manager.MyListener - WebDriver start find element---->By.xpath: //input[@id='position']
14:33:54.882  INFO  manager.MyListener - WebDriver found element by locator---->By.xpath: //input[@id='position']
14:33:55.505  INFO  manager.MyListener - WebDriver start find element---->By.xpath: //input[@id='city']
14:33:55.518  INFO  manager.MyListener - WebDriver found element by locator---->By.xpath: //input[@id='city']
14:33:56.117  INFO  manager.MyListener - WebDriver start find element---->By.xpath: //input[@id='birthday']
14:33:56.130  INFO  manager.MyListener - WebDriver found element by locator---->By.xpath: //input[@id='birthday']
14:33:56.747  INFO  manager.MyListener - WebDriver start find element---->By.xpath: //input[@id='phone']
14:33:56.759  INFO  manager.MyListener - WebDriver found element by locator---->By.xpath: //input[@id='phone']
14:33:57.363  INFO  manager.MyListener - WebDriver start find element---->By.xpath: //span[normalize-space()='Save']
14:33:57.372  INFO  manager.MyListener - WebDriver found element by locator---->By.xpath: //span[normalize-space()='Save']
14:33:57.435  INFO  manager.MyListener - WebDriver start find element---->By.xpath: //span[@class='mat-ripple summary selected']//div[@class='cover']
14:33:57.450  INFO  manager.MyListener - WebDriver found element by locator---->By.xpath: //span[@class='mat-ripple summary selected']//div[@class='cover']
14:33:57.490  INFO  manager.MyListener - WebDriver start find element---->By.xpath: //textarea[@id='summary']
14:33:57.507  INFO  manager.MyListener - WebDriver found element by locator---->By.xpath: //textarea[@id='summary']
14:33:58.126  INFO  manager.MyListener - WebDriver start find element---->By.xpath: //span[normalize-space()='Save']
14:33:58.136  INFO  manager.MyListener - WebDriver found element by locator---->By.xpath: //span[normalize-space()='Save']
14:33:58.180  INFO  manager.MyListener - WebDriver start find element---->By.xpath: //span[@class='mat-ripple relocation selected']//div[@class='cover']
14:33:58.201  INFO  manager.MyListener - WebDriver found element by locator---->By.xpath: //span[@class='mat-ripple relocation selected']//div[@class='cover']
14:33:58.242  INFO  manager.MyListener - WebDriver start find element---->By.xpath: //input[@id='relocation']
14:33:58.255  INFO  manager.MyListener - WebDriver found element by locator---->By.xpath: //input[@id='relocation']
14:33:58.875  INFO  manager.MyListener - WebDriver start find element---->By.xpath: //span[normalize-space()='Save']
14:33:58.886  INFO  manager.MyListener - WebDriver found element by locator---->By.xpath: //span[normalize-space()='Save']
14:33:58.921  INFO  manager.MyListener - WebDriver start find element---->By.xpath: //div[@class='mat-ripple selected']//div[@class='cover']
14:33:58.936  INFO  manager.MyListener - WebDriver found element by locator---->By.xpath: //div[@class='mat-ripple selected']//div[@class='cover']
14:33:58.972  INFO  manager.MyListener - WebDriver start find element---->By.cssSelector: #shortDesc
14:33:58.987  INFO  manager.MyListener - WebDriver found element by locator---->By.cssSelector: #shortDesc
14:33:59.830  INFO  manager.MyListener - WebDriver start find element---->By.xpath: //span[normalize-space()='Save']
14:33:59.848  INFO  manager.MyListener - WebDriver found element by locator---->By.xpath: //span[normalize-space()='Save']
14:33:59.876  INFO  manager.MyListener - WebDriver start find element---->By.xpath: //section[@id='skills']//div[@class='cover']
14:33:59.889  INFO  manager.MyListener - WebDriver found element by locator---->By.xpath: //section[@id='skills']//div[@class='cover']
14:33:59.923  INFO  manager.MyListener - WebDriver start find element---->By.xpath: //button[@class='mat-focus-indicator add-row-btn mat-stroked-button mat-button-base']//span[@class='mat-button-wrapper']
14:33:59.937  INFO  manager.MyListener - WebDriver found element by locator---->By.xpath: //button[@class='mat-focus-indicator add-row-btn mat-stroked-button mat-button-base']//span[@class='mat-button-wrapper']
14:33:59.974  INFO  manager.MyListener - WebDriver start find element---->By.xpath: //input[@id='title_0']
14:33:59.990  INFO  manager.MyListener - WebDriver found element by locator---->By.xpath: //input[@id='title_0']
14:34:00.604  INFO  manager.MyListener - WebDriver start find element---->By.xpath: //input[@id='desc_0']
14:34:00.618  INFO  manager.MyListener - WebDriver found element by locator---->By.xpath: //input[@id='desc_0']
14:34:01.221  INFO  manager.MyListener - WebDriver start find element---->By.xpath: //span[normalize-space()='Save']
14:34:01.230  INFO  manager.MyListener - WebDriver found element by locator---->By.xpath: //span[normalize-space()='Save']
14:34:01.263  INFO  manager.MyListener - WebDriver start find element---->By.xpath: //section[@id='experience']//div[@class='cover']
14:34:01.277  INFO  manager.MyListener - WebDriver found element by locator---->By.xpath: //section[@id='experience']//div[@class='cover']
14:34:01.328  INFO  manager.MyListener - WebDriver start find element---->By.xpath: //input[@id='startDate']
14:34:01.342  INFO  manager.MyListener - WebDriver found element by locator---->By.xpath: //input[@id='startDate']
14:34:01.443  INFO  manager.MyListener - WebDriver start find element---->By.xpath: //input[@id='startDate']
14:34:01.466  INFO  manager.MyListener - WebDriver found element by locator---->By.xpath: //input[@id='startDate']
14:34:02.075  INFO  manager.MyListener - WebDriver start find element---->By.xpath: //input[@id='endDate']
14:34:02.088  INFO  manager.MyListener - WebDriver found element by locator---->By.xpath: //input[@id='endDate']
14:34:02.165  INFO  manager.MyListener - WebDriver start find element---->By.xpath: //input[@id='endDate']
14:34:02.175  INFO  manager.MyListener - WebDriver found element by locator---->By.xpath: //input[@id='endDate']
14:34:02.753  INFO  manager.MyListener - WebDriver start find element---->By.xpath: //input[@id='companyName']
14:34:02.764  INFO  manager.MyListener - WebDriver found element by locator---->By.xpath: //input[@id='companyName']
14:34:03.364  INFO  manager.MyListener - WebDriver start find element---->By.xpath: //input[@id='companyLocation']
14:34:03.376  INFO  manager.MyListener - WebDriver found element by locator---->By.xpath: //input[@id='companyLocation']
14:34:03.970  INFO  manager.MyListener - WebDriver start find element---->By.xpath: //input[@id='url']
14:34:03.982  INFO  manager.MyListener - WebDriver found element by locator---->By.xpath: //input[@id='url']
14:34:04.596  INFO  manager.MyListener - WebDriver start find element---->By.xpath: //input[@id='position']
14:34:04.605  INFO  manager.MyListener - WebDriver found element by locator---->By.xpath: //input[@id='position']
14:34:05.206  INFO  manager.MyListener - WebDriver start find element---->By.xpath: //textarea[@id='description']
14:34:05.219  INFO  manager.MyListener - WebDriver found element by locator---->By.xpath: //textarea[@id='description']
14:34:05.809  INFO  manager.MyListener - WebDriver start find element---->By.xpath: //span[normalize-space()='Save']
14:34:05.818  INFO  manager.MyListener - WebDriver found element by locator---->By.xpath: //span[normalize-space()='Save']
14:34:05.860  INFO  manager.MyListener - WebDriver start find element---->By.xpath: //section[@id='education']//div[@class='cover']
14:34:05.876  INFO  manager.MyListener - WebDriver found element by locator---->By.xpath: //section[@id='education']//div[@class='cover']
14:34:05.997  INFO  manager.MyListener - WebDriver start find element---->By.xpath: //input[@id='startDate']
14:34:06.008  INFO  manager.MyListener - WebDriver found element by locator---->By.xpath: //input[@id='startDate']
14:34:06.087  INFO  manager.MyListener - WebDriver start find element---->By.xpath: //input[@id='startDate']
14:34:06.096  INFO  manager.MyListener - WebDriver found element by locator---->By.xpath: //input[@id='startDate']
14:34:06.713  INFO  manager.MyListener - WebDriver start find element---->By.xpath: //input[@id='endDate']
14:34:06.724  INFO  manager.MyListener - WebDriver found element by locator---->By.xpath: //input[@id='endDate']
14:34:06.804  INFO  manager.MyListener - WebDriver start find element---->By.xpath: //input[@id='endDate']
14:34:06.814  INFO  manager.MyListener - WebDriver found element by locator---->By.xpath: //input[@id='endDate']
14:34:07.390  INFO  manager.MyListener - WebDriver start find element---->By.xpath: //input[@id='title']
14:34:07.401  INFO  manager.MyListener - WebDriver found element by locator---->By.xpath: //input[@id='title']
14:34:08.034  INFO  manager.MyListener - WebDriver start find element---->By.xpath: //input[@id='location']
14:34:08.046  INFO  manager.MyListener - WebDriver found element by locator---->By.xpath: //input[@id='location']
14:34:08.650  INFO  manager.MyListener - WebDriver start find element---->By.xpath: //input[@id='description']
14:34:08.662  INFO  manager.MyListener - WebDriver found element by locator---->By.xpath: //input[@id='description']
14:34:09.278  INFO  manager.MyListener - WebDriver start find element---->By.xpath: //span[normalize-space()='Save']
14:34:09.287  INFO  manager.MyListener - WebDriver found element by locator---->By.xpath: //span[normalize-space()='Save']
14:34:09.327  INFO  manager.MyListener - WebDriver start find element---->By.xpath: //section[@id='other']//div[@class='cover']
14:34:09.342  INFO  manager.MyListener - WebDriver found element by locator---->By.xpath: //section[@id='other']//div[@class='cover']
14:34:09.450  INFO  manager.MyListener - WebDriver start find element---->By.xpath: //input[@id='title1']
14:34:09.467  INFO  manager.MyListener - WebDriver found element by locator---->By.xpath: //input[@id='title1']
14:34:10.087  INFO  manager.MyListener - WebDriver start find element---->By.xpath: //input[@id='desc1']
14:34:10.099  INFO  manager.MyListener - WebDriver found element by locator---->By.xpath: //input[@id='desc1']
14:34:10.723  INFO  manager.MyListener - WebDriver start find element---->By.xpath: //span[normalize-space()='Save']
14:34:10.731  INFO  manager.MyListener - WebDriver found element by locator---->By.xpath: //span[normalize-space()='Save']
14:34:10.767  INFO  manager.MyListener - WebDriver start find element---->By.xpath: //section[@id='link']//div[@class='cover']
14:34:10.781  INFO  manager.MyListener - WebDriver found element by locator---->By.xpath: //section[@id='link']//div[@class='cover']
14:34:10.886  INFO  manager.MyListener - WebDriver start find element---->By.xpath: //input[@id='link1']
14:34:10.902  INFO  manager.MyListener - WebDriver found element by locator---->By.xpath: //input[@id='link1']
14:34:11.535  INFO  manager.MyListener - WebDriver start find element---->By.xpath: //span[normalize-space()='Save']
14:34:11.546  INFO  manager.MyListener - WebDriver found element by locator---->By.xpath: //span[normalize-space()='Save']
14:34:11.609  INFO  manager.MyListener - WebDriver start find element---->By.xpath: //mat-icon[normalize-space()='save']
14:34:11.621  INFO  manager.MyListener - WebDriver found element by locator---->By.xpath: //mat-icon[normalize-space()='save']
14:34:16.659  INFO  manager.MyListener - WebDriver start find element---->By.xpath: //button[@class='mat-focus-indicator dashboard-btn mat-button mat-button-base ng-star-inserted']//span[@class='mat-button-wrapper']
14:34:16.672  INFO  manager.MyListener - WebDriver found element by locator---->By.xpath: //button[@class='mat-focus-indicator dashboard-btn mat-button mat-button-base ng-star-inserted']//span[@class='mat-button-wrapper']
14:34:16.726  INFO  manager.MyListener - WebDriver start find element---->By.xpath: //span[normalize-space()='Create CV']
14:34:16.740  INFO  manager.MyListener - WebDriver found element by locator---->By.xpath: //span[normalize-space()='Create CV']
14:34:16.787  INFO  manager.MyListener - WebDriver start find element---->By.xpath: //section[@id='header']//div[@class='cover']
14:34:16.800  INFO  manager.MyListener - WebDriver found element by locator---->By.xpath: //section[@id='header']//div[@class='cover']
14:34:16.851  INFO  manager.MyListener - WebDriver start find element---->By.xpath: //input[@id='name']
14:34:16.868  INFO  manager.MyListener - WebDriver found element by locator---->By.xpath: //input[@id='name']
14:34:17.491  INFO  manager.MyListener - WebDriver start find element---->By.xpath: //input[@id='country']
14:34:17.506  INFO  manager.MyListener - WebDriver found element by locator---->By.xpath: //input[@id='country']
14:34:18.120  INFO  manager.MyListener - WebDriver start find element---->By.xpath: //input[@id='email']
14:34:18.132  INFO  manager.MyListener - WebDriver found element by locator---->By.xpath: //input[@id='email']
14:34:18.761  INFO  manager.MyListener - WebDriver start find element---->By.xpath: //input[@id='position']
14:34:18.771  INFO  manager.MyListener - WebDriver found element by locator---->By.xpath: //input[@id='position']
14:34:19.370  INFO  manager.MyListener - WebDriver start find element---->By.xpath: //input[@id='city']
14:34:19.382  INFO  manager.MyListener - WebDriver found element by locator---->By.xpath: //input[@id='city']
14:34:19.976  INFO  manager.MyListener - WebDriver start find element---->By.xpath: //input[@id='birthday']
14:34:19.988  INFO  manager.MyListener - WebDriver found element by locator---->By.xpath: //input[@id='birthday']
14:34:20.600  INFO  manager.MyListener - WebDriver start find element---->By.xpath: //input[@id='phone']
14:34:20.615  INFO  manager.MyListener - WebDriver found element by locator---->By.xpath: //input[@id='phone']
14:34:21.234  INFO  manager.MyListener - WebDriver start find element---->By.xpath: //span[normalize-space()='Save']
14:34:21.242  INFO  manager.MyListener - WebDriver found element by locator---->By.xpath: //span[normalize-space()='Save']
14:34:21.305  INFO  manager.MyListener - WebDriver start find element---->By.xpath: //span[@class='mat-ripple summary selected']//div[@class='cover']
14:34:21.320  INFO  manager.MyListener - WebDriver found element by locator---->By.xpath: //span[@class='mat-ripple summary selected']//div[@class='cover']
14:34:21.358  INFO  manager.MyListener - WebDriver start find element---->By.xpath: //textarea[@id='summary']
14:34:21.372  INFO  manager.MyListener - WebDriver found element by locator---->By.xpath: //textarea[@id='summary']
14:34:21.987  INFO  manager.MyListener - WebDriver start find element---->By.xpath: //span[normalize-space()='Save']
14:34:21.997  INFO  manager.MyListener - WebDriver found element by locator---->By.xpath: //span[normalize-space()='Save']
14:34:22.029  INFO  manager.MyListener - WebDriver start find element---->By.xpath: //span[@class='mat-ripple relocation selected']//div[@class='cover']
14:34:22.043  INFO  manager.MyListener - WebDriver found element by locator---->By.xpath: //span[@class='mat-ripple relocation selected']//div[@class='cover']
14:34:22.081  INFO  manager.MyListener - WebDriver start find element---->By.xpath: //input[@id='relocation']
14:34:22.094  INFO  manager.MyListener - WebDriver found element by locator---->By.xpath: //input[@id='relocation']
14:34:22.713  INFO  manager.MyListener - WebDriver start find element---->By.xpath: //span[normalize-space()='Save']
14:34:22.722  INFO  manager.MyListener - WebDriver found element by locator---->By.xpath: //span[normalize-space()='Save']
14:34:22.756  INFO  manager.MyListener - WebDriver start find element---->By.xpath: //div[@class='mat-ripple selected']//div[@class='cover']
14:34:22.770  INFO  manager.MyListener - WebDriver found element by locator---->By.xpath: //div[@class='mat-ripple selected']//div[@class='cover']
14:34:22.811  INFO  manager.MyListener - WebDriver start find element---->By.cssSelector: #shortDesc
14:34:22.824  INFO  manager.MyListener - WebDriver found element by locator---->By.cssSelector: #shortDesc
14:34:23.671  INFO  manager.MyListener - WebDriver start find element---->By.xpath: //span[normalize-space()='Save']
14:34:23.679  INFO  manager.MyListener - WebDriver found element by locator---->By.xpath: //span[normalize-space()='Save']
14:34:23.708  INFO  manager.MyListener - WebDriver start find element---->By.xpath: //section[@id='skills']//div[@class='cover']
14:34:23.721  INFO  manager.MyListener - WebDriver found element by locator---->By.xpath: //section[@id='skills']//div[@class='cover']
14:34:23.755  INFO  manager.MyListener - WebDriver start find element---->By.xpath: //button[@class='mat-focus-indicator add-row-btn mat-stroked-button mat-button-base']//span[@class='mat-button-wrapper']
14:34:23.765  INFO  manager.MyListener - WebDriver found element by locator---->By.xpath: //button[@class='mat-focus-indicator add-row-btn mat-stroked-button mat-button-base']//span[@class='mat-button-wrapper']
14:34:23.810  INFO  manager.MyListener - WebDriver start find element---->By.xpath: //input[@id='title_0']
14:34:23.825  INFO  manager.MyListener - WebDriver found element by locator---->By.xpath: //input[@id='title_0']
14:34:24.429  INFO  manager.MyListener - WebDriver start find element---->By.xpath: //input[@id='desc_0']
14:34:24.443  INFO  manager.MyListener - WebDriver found element by locator---->By.xpath: //input[@id='desc_0']
14:34:25.042  INFO  manager.MyListener - WebDriver start find element---->By.xpath: //span[normalize-space()='Save']
14:34:25.052  INFO  manager.MyListener - WebDriver found element by locator---->By.xpath: //span[normalize-space()='Save']
14:34:25.083  INFO  manager.MyListener - WebDriver start find element---->By.xpath: //section[@id='experience']//div[@class='cover']
14:34:25.099  INFO  manager.MyListener - WebDriver found element by locator---->By.xpath: //section[@id='experience']//div[@class='cover']
14:34:25.155  INFO  manager.MyListener - WebDriver start find element---->By.xpath: //input[@id='startDate']
14:34:25.167  INFO  manager.MyListener - WebDriver found element by locator---->By.xpath: //input[@id='startDate']
14:34:25.289  INFO  manager.MyListener - WebDriver start find element---->By.xpath: //input[@id='startDate']
14:34:25.298  INFO  manager.MyListener - WebDriver found element by locator---->By.xpath: //input[@id='startDate']
14:34:25.890  INFO  manager.MyListener - WebDriver start find element---->By.xpath: //input[@id='endDate']
14:34:25.903  INFO  manager.MyListener - WebDriver found element by locator---->By.xpath: //input[@id='endDate']
14:34:25.981  INFO  manager.MyListener - WebDriver start find element---->By.xpath: //input[@id='endDate']
14:34:25.991  INFO  manager.MyListener - WebDriver found element by locator---->By.xpath: //input[@id='endDate']
14:34:26.575  INFO  manager.MyListener - WebDriver start find element---->By.xpath: //input[@id='companyName']
14:34:26.588  INFO  manager.MyListener - WebDriver found element by locator---->By.xpath: //input[@id='companyName']
14:34:27.193  INFO  manager.MyListener - WebDriver start find element---->By.xpath: //input[@id='companyLocation']
14:34:27.206  INFO  manager.MyListener - WebDriver found element by locator---->By.xpath: //input[@id='companyLocation']
14:34:27.797  INFO  manager.MyListener - WebDriver start find element---->By.xpath: //input[@id='url']
14:34:27.810  INFO  manager.MyListener - WebDriver found element by locator---->By.xpath: //input[@id='url']
14:34:28.434  INFO  manager.MyListener - WebDriver start find element---->By.xpath: //input[@id='position']
14:34:28.445  INFO  manager.MyListener - WebDriver found element by locator---->By.xpath: //input[@id='position']
14:34:29.050  INFO  manager.MyListener - WebDriver start find element---->By.xpath: //textarea[@id='description']
14:34:29.062  INFO  manager.MyListener - WebDriver found element by locator---->By.xpath: //textarea[@id='description']
14:34:29.662  INFO  manager.MyListener - WebDriver start find element---->By.xpath: //span[normalize-space()='Save']
14:34:29.685  INFO  manager.MyListener - WebDriver found element by locator---->By.xpath: //span[normalize-space()='Save']
14:34:29.727  INFO  manager.MyListener - WebDriver start find element---->By.xpath: //section[@id='education']//div[@class='cover']
14:34:29.741  INFO  manager.MyListener - WebDriver found element by locator---->By.xpath: //section[@id='education']//div[@class='cover']
14:34:29.857  INFO  manager.MyListener - WebDriver start find element---->By.xpath: //input[@id='startDate']
14:34:29.866  INFO  manager.MyListener - WebDriver found element by locator---->By.xpath: //input[@id='startDate']
14:34:29.939  INFO  manager.MyListener - WebDriver start find element---->By.xpath: //input[@id='startDate']
14:34:29.950  INFO  manager.MyListener - WebDriver found element by locator---->By.xpath: //input[@id='startDate']
14:34:30.548  INFO  manager.MyListener - WebDriver start find element---->By.xpath: //input[@id='endDate']
14:34:30.558  INFO  manager.MyListener - WebDriver found element by locator---->By.xpath: //input[@id='endDate']
14:34:30.636  INFO  manager.MyListener - WebDriver start find element---->By.xpath: //input[@id='endDate']
14:34:30.646  INFO  manager.MyListener - WebDriver found element by locator---->By.xpath: //input[@id='endDate']
14:34:31.218  INFO  manager.MyListener - WebDriver start find element---->By.xpath: //input[@id='title']
14:34:31.234  INFO  manager.MyListener - WebDriver found element by locator---->By.xpath: //input[@id='title']
14:34:31.841  INFO  manager.MyListener - WebDriver start find element---->By.xpath: //input[@id='location']
14:34:31.853  INFO  manager.MyListener - WebDriver found element by locator---->By.xpath: //input[@id='location']
14:34:32.464  INFO  manager.MyListener - WebDriver start find element---->By.xpath: //input[@id='description']
14:34:32.477  INFO  manager.MyListener - WebDriver found element by locator---->By.xpath: //input[@id='description']
14:34:33.089  INFO  manager.MyListener - WebDriver start find element---->By.xpath: //span[normalize-space()='Save']
14:34:33.118  INFO  manager.MyListener - WebDriver found element by locator---->By.xpath: //span[normalize-space()='Save']
14:34:33.168  INFO  manager.MyListener - WebDriver start find element---->By.xpath: //section[@id='other']//div[@class='cover']
14:34:33.182  INFO  manager.MyListener - WebDriver found element by locator---->By.xpath: //section[@id='other']//div[@class='cover']
14:34:33.290  INFO  manager.MyListener - WebDriver start find element---->By.xpath: //input[@id='title1']
14:34:33.304  INFO  manager.MyListener - WebDriver found element by locator---->By.xpath: //input[@id='title1']
14:34:33.938  INFO  manager.MyListener - WebDriver start find element---->By.xpath: //input[@id='desc1']
14:34:33.953  INFO  manager.MyListener - WebDriver found element by locator---->By.xpath: //input[@id='desc1']
14:34:34.564  INFO  manager.MyListener - WebDriver start find element---->By.xpath: //span[normalize-space()='Save']
14:34:34.573  INFO  manager.MyListener - WebDriver found element by locator---->By.xpath: //span[normalize-space()='Save']
14:34:34.607  INFO  manager.MyListener - WebDriver start find element---->By.xpath: //section[@id='link']//div[@class='cover']
14:34:34.620  INFO  manager.MyListener - WebDriver found element by locator---->By.xpath: //section[@id='link']//div[@class='cover']
14:34:34.721  INFO  manager.MyListener - WebDriver start find element---->By.xpath: //input[@id='link1']
14:34:34.735  INFO  manager.MyListener - WebDriver found element by locator---->By.xpath: //input[@id='link1']
14:34:35.364  INFO  manager.MyListener - WebDriver start find element---->By.xpath: //span[normalize-space()='Save']
14:34:35.399  INFO  manager.MyListener - WebDriver found element by locator---->By.xpath: //span[normalize-space()='Save']
14:34:35.463  INFO  manager.MyListener - WebDriver start find element---->By.xpath: //mat-icon[normalize-space()='save']
14:34:35.475  INFO  manager.MyListener - WebDriver found element by locator---->By.xpath: //mat-icon[normalize-space()='save']
14:34:40.516  INFO  manager.MyListener - WebDriver start find element---->By.xpath: //button[@class='mat-focus-indicator dashboard-btn mat-button mat-button-base ng-star-inserted']//span[@class='mat-button-wrapper']
14:34:40.529  INFO  manager.MyListener - WebDriver found element by locator---->By.xpath: //button[@class='mat-focus-indicator dashboard-btn mat-button mat-button-base ng-star-inserted']//span[@class='mat-button-wrapper']
